{"C:\\Users\\MATRIX TECHNOLOGY\\Documents\\smart campus market\\campusmarket\\backend\\services\\user-service\\server.js": {"path":"C:\\Users\\MATRIX TECHNOLOGY\\Documents\\smart campus market\\campusmarket\\backend\\services\\user-service\\server.js","statementMap":{"0":{"start":{"line":1,"column":0},"end":{"line":1,"column":27}},"1":{"start":{"line":2,"column":16},"end":{"line":2,"column":34}},"2":{"start":{"line":3,"column":13},"end":{"line":3,"column":28}},"3":{"start":{"line":4,"column":15},"end":{"line":4,"column":32}},"4":{"start":{"line":5,"column":44},"end":{"line":5,"column":66}},"5":{"start":{"line":6,"column":13},"end":{"line":6,"column":39}},"6":{"start":{"line":7,"column":25},"end":{"line":7,"column":63}},"7":{"start":{"line":8,"column":41},"end":{"line":8,"column":73}},"8":{"start":{"line":9,"column":35},"end":{"line":9,"column":71}},"9":{"start":{"line":10,"column":15},"end":{"line":10,"column":45}},"10":{"start":{"line":11,"column":30},"end":{"line":11,"column":61}},"11":{"start":{"line":12,"column":96},"end":{"line":12,"column":126}},"12":{"start":{"line":14,"column":12},"end":{"line":14,"column":21}},"13":{"start":{"line":15,"column":13},"end":{"line":15,"column":37}},"14":{"start":{"line":18,"column":0},"end":{"line":18,"column":24}},"15":{"start":{"line":19,"column":0},"end":{"line":19,"column":18}},"16":{"start":{"line":20,"column":0},"end":{"line":20,"column":16}},"17":{"start":{"line":21,"column":0},"end":{"line":21,"column":24}},"18":{"start":{"line":22,"column":0},"end":{"line":22,"column":27}},"19":{"start":{"line":25,"column":0},"end":{"line":35,"column":4}},"20":{"start":{"line":26,"column":17},"end":{"line":26,"column":87}},"21":{"start":{"line":27,"column":2},"end":{"line":27,"column":69}},"22":{"start":{"line":27,"column":27},"end":{"line":27,"column":69}},"23":{"start":{"line":28,"column":57},"end":{"line":28,"column":71}},"24":{"start":{"line":30,"column":25},"end":{"line":30,"column":144}},"25":{"start":{"line":31,"column":21},"end":{"line":31,"column":124}},"26":{"start":{"line":32,"column":21},"end":{"line":32,"column":123}},"27":{"start":{"line":34,"column":2},"end":{"line":34,"column":143}},"28":{"start":{"line":38,"column":0},"end":{"line":45,"column":4}},"29":{"start":{"line":39,"column":73},"end":{"line":39,"column":81}},"30":{"start":{"line":40,"column":2},"end":{"line":43,"column":4}},"31":{"start":{"line":44,"column":2},"end":{"line":44,"column":43}},"32":{"start":{"line":48,"column":0},"end":{"line":74,"column":4}},"33":{"start":{"line":49,"column":17},"end":{"line":49,"column":27}},"34":{"start":{"line":50,"column":2},"end":{"line":50,"column":68}},"35":{"start":{"line":50,"column":25},"end":{"line":50,"column":68}},"36":{"start":{"line":52,"column":17},"end":{"line":55,"column":3}},"37":{"start":{"line":56,"column":2},"end":{"line":56,"column":69}},"38":{"start":{"line":56,"column":27},"end":{"line":56,"column":69}},"39":{"start":{"line":58,"column":18},"end":{"line":63,"column":3}},"40":{"start":{"line":65,"column":25},"end":{"line":67,"column":3}},"41":{"start":{"line":69,"column":2},"end":{"line":73,"column":5}},"42":{"start":{"line":78,"column":0},"end":{"line":94,"column":4}},"43":{"start":{"line":79,"column":30},"end":{"line":79,"column":38}},"44":{"start":{"line":80,"column":19},"end":{"line":80,"column":32}},"45":{"start":{"line":81,"column":2},"end":{"line":81,"column":76}},"46":{"start":{"line":81,"column":31},"end":{"line":81,"column":76}},"47":{"start":{"line":82,"column":2},"end":{"line":82,"column":89}},"48":{"start":{"line":82,"column":43},"end":{"line":82,"column":89}},"49":{"start":{"line":84,"column":2},"end":{"line":87,"column":4}},"50":{"start":{"line":89,"column":14},"end":{"line":89,"column":117}},"51":{"start":{"line":90,"column":2},"end":{"line":90,"column":90}},"52":{"start":{"line":92,"column":2},"end":{"line":92,"column":91}},"53":{"start":{"line":93,"column":2},"end":{"line":93,"column":56}},"54":{"start":{"line":97,"column":0},"end":{"line":109,"column":4}},"55":{"start":{"line":98,"column":20},"end":{"line":98,"column":40}},"56":{"start":{"line":99,"column":2},"end":{"line":99,"column":78}},"57":{"start":{"line":99,"column":32},"end":{"line":99,"column":78}},"58":{"start":{"line":101,"column":18},"end":{"line":101,"column":129}},"59":{"start":{"line":102,"column":2},"end":{"line":102,"column":87}},"60":{"start":{"line":102,"column":28},"end":{"line":102,"column":87}},"61":{"start":{"line":104,"column":2},"end":{"line":107,"column":4}},"62":{"start":{"line":108,"column":2},"end":{"line":108,"column":45}},"63":{"start":{"line":111,"column":0},"end":{"line":114,"column":4}},"64":{"start":{"line":112,"column":2},"end":{"line":112,"column":119}},"65":{"start":{"line":113,"column":2},"end":{"line":113,"column":49}},"66":{"start":{"line":116,"column":0},"end":{"line":127,"column":4}},"67":{"start":{"line":117,"column":17},"end":{"line":125,"column":3}},"68":{"start":{"line":126,"column":2},"end":{"line":126,"column":24}},"69":{"start":{"line":130,"column":0},"end":{"line":150,"column":4}},"70":{"start":{"line":131,"column":15},"end":{"line":139,"column":3}},"71":{"start":{"line":140,"column":17},"end":{"line":148,"column":3}},"72":{"start":{"line":149,"column":2},"end":{"line":149,"column":53}},"73":{"start":{"line":152,"column":0},"end":{"line":155,"column":4}},"74":{"start":{"line":153,"column":2},"end":{"line":153,"column":31}},"75":{"start":{"line":154,"column":2},"end":{"line":154,"column":91}},"76":{"start":{"line":157,"column":0},"end":{"line":160,"column":3}},"77":{"start":{"line":158,"column":2},"end":{"line":158,"column":48}},"78":{"start":{"line":159,"column":2},"end":{"line":159,"column":36}},"79":{"start":{"line":162,"column":0},"end":{"line":166,"column":3}},"80":{"start":{"line":163,"column":2},"end":{"line":163,"column":49}},"81":{"start":{"line":164,"column":17},"end":{"line":164,"column":34}},"82":{"start":{"line":165,"column":2},"end":{"line":165,"column":92}},"83":{"start":{"line":169,"column":2},"end":{"line":179,"column":5}},"84":{"start":{"line":170,"column":4},"end":{"line":175,"column":5}},"85":{"start":{"line":171,"column":6},"end":{"line":174,"column":82}},"86":{"start":{"line":174,"column":21},"end":{"line":174,"column":80}},"87":{"start":{"line":176,"column":4},"end":{"line":178,"column":5}},"88":{"start":{"line":177,"column":6},"end":{"line":177,"column":99}},"89":{"start":{"line":183,"column":2},"end":{"line":190,"column":3}},"90":{"start":{"line":184,"column":4},"end":{"line":184,"column":22}},"91":{"start":{"line":185,"column":4},"end":{"line":185,"column":31}},"92":{"start":{"line":186,"column":4},"end":{"line":186,"column":89}},"93":{"start":{"line":186,"column":36},"end":{"line":186,"column":87}},"94":{"start":{"line":188,"column":4},"end":{"line":188,"column":73}},"95":{"start":{"line":189,"column":4},"end":{"line":189,"column":20}},"96":{"start":{"line":194,"column":2},"end":{"line":194,"column":79}},"97":{"start":{"line":195,"column":2},"end":{"line":197,"column":3}},"98":{"start":{"line":196,"column":4},"end":{"line":196,"column":58}},"99":{"start":{"line":196,"column":35},"end":{"line":196,"column":56}},"100":{"start":{"line":198,"column":2},"end":{"line":198,"column":21}},"101":{"start":{"line":199,"column":2},"end":{"line":199,"column":19}},"102":{"start":{"line":200,"column":2},"end":{"line":200,"column":18}},"103":{"start":{"line":203,"column":0},"end":{"line":203,"column":49}},"104":{"start":{"line":203,"column":28},"end":{"line":203,"column":47}},"105":{"start":{"line":204,"column":0},"end":{"line":204,"column":47}},"106":{"start":{"line":204,"column":27},"end":{"line":204,"column":45}},"107":{"start":{"line":206,"column":0},"end":{"line":206,"column":21}},"108":{"start":{"line":207,"column":0},"end":{"line":207,"column":28}},"109":{"start":{"line":208,"column":0},"end":{"line":208,"column":36}},"110":{"start":{"line":209,"column":0},"end":{"line":209,"column":40}},"111":{"start":{"line":209,"column":31},"end":{"line":209,"column":38}}},"fnMap":{"0":{"name":"(anonymous_0)","decl":{"start":{"line":25,"column":52},"end":{"line":25,"column":53}},"loc":{"start":{"line":25,"column":72},"end":{"line":35,"column":1}},"line":25},"1":{"name":"(anonymous_1)","decl":{"start":{"line":38,"column":54},"end":{"line":38,"column":55}},"loc":{"start":{"line":38,"column":74},"end":{"line":45,"column":1}},"line":38},"2":{"name":"(anonymous_2)","decl":{"start":{"line":48,"column":39},"end":{"line":48,"column":40}},"loc":{"start":{"line":48,"column":59},"end":{"line":74,"column":1}},"line":48},"3":{"name":"(anonymous_3)","decl":{"start":{"line":78,"column":62},"end":{"line":78,"column":63}},"loc":{"start":{"line":78,"column":82},"end":{"line":94,"column":1}},"line":78},"4":{"name":"(anonymous_4)","decl":{"start":{"line":97,"column":64},"end":{"line":97,"column":65}},"loc":{"start":{"line":97,"column":84},"end":{"line":109,"column":1}},"line":97},"5":{"name":"(anonymous_5)","decl":{"start":{"line":111,"column":66},"end":{"line":111,"column":67}},"loc":{"start":{"line":111,"column":86},"end":{"line":114,"column":1}},"line":111},"6":{"name":"(anonymous_6)","decl":{"start":{"line":116,"column":52},"end":{"line":116,"column":53}},"loc":{"start":{"line":116,"column":72},"end":{"line":127,"column":1}},"line":116},"7":{"name":"(anonymous_7)","decl":{"start":{"line":130,"column":65},"end":{"line":130,"column":66}},"loc":{"start":{"line":130,"column":85},"end":{"line":150,"column":1}},"line":130},"8":{"name":"(anonymous_8)","decl":{"start":{"line":152,"column":32},"end":{"line":152,"column":33}},"loc":{"start":{"line":152,"column":53},"end":{"line":155,"column":1}},"line":152},"9":{"name":"(anonymous_9)","decl":{"start":{"line":157,"column":20},"end":{"line":157,"column":21}},"loc":{"start":{"line":157,"column":40},"end":{"line":160,"column":1}},"line":157},"10":{"name":"(anonymous_10)","decl":{"start":{"line":162,"column":8},"end":{"line":162,"column":9}},"loc":{"start":{"line":162,"column":34},"end":{"line":166,"column":1}},"line":162},"11":{"name":"setupEventHandlers","decl":{"start":{"line":168,"column":15},"end":{"line":168,"column":33}},"loc":{"start":{"line":168,"column":36},"end":{"line":180,"column":1}},"line":168},"12":{"name":"(anonymous_12)","decl":{"start":{"line":169,"column":47},"end":{"line":169,"column":48}},"loc":{"start":{"line":169,"column":58},"end":{"line":179,"column":3}},"line":169},"13":{"name":"(anonymous_13)","decl":{"start":{"line":174,"column":14},"end":{"line":174,"column":15}},"loc":{"start":{"line":174,"column":21},"end":{"line":174,"column":80}},"line":174},"14":{"name":"(anonymous_14)","decl":{"start":{"line":177,"column":89},"end":{"line":177,"column":90}},"loc":{"start":{"line":177,"column":95},"end":{"line":177,"column":97}},"line":177},"15":{"name":"init","decl":{"start":{"line":182,"column":15},"end":{"line":182,"column":19}},"loc":{"start":{"line":182,"column":22},"end":{"line":191,"column":1}},"line":182},"16":{"name":"(anonymous_16)","decl":{"start":{"line":186,"column":30},"end":{"line":186,"column":31}},"loc":{"start":{"line":186,"column":36},"end":{"line":186,"column":87}},"line":186},"17":{"name":"shutdown","decl":{"start":{"line":193,"column":15},"end":{"line":193,"column":23}},"loc":{"start":{"line":193,"column":32},"end":{"line":201,"column":1}},"line":193},"18":{"name":"(anonymous_18)","decl":{"start":{"line":196,"column":22},"end":{"line":196,"column":23}},"loc":{"start":{"line":196,"column":35},"end":{"line":196,"column":56}},"line":196},"19":{"name":"(anonymous_19)","decl":{"start":{"line":203,"column":22},"end":{"line":203,"column":23}},"loc":{"start":{"line":203,"column":28},"end":{"line":203,"column":47}},"line":203},"20":{"name":"(anonymous_20)","decl":{"start":{"line":204,"column":21},"end":{"line":204,"column":22}},"loc":{"start":{"line":204,"column":27},"end":{"line":204,"column":45}},"line":204}},"branchMap":{"0":{"loc":{"start":{"line":15,"column":13},"end":{"line":15,"column":37}},"type":"binary-expr","locations":[{"start":{"line":15,"column":13},"end":{"line":15,"column":29}},{"start":{"line":15,"column":33},"end":{"line":15,"column":37}}],"line":15},"1":{"loc":{"start":{"line":27,"column":2},"end":{"line":27,"column":69}},"type":"if","locations":[{"start":{"line":27,"column":2},"end":{"line":27,"column":69}},{"start":{},"end":{}}],"line":27},"2":{"loc":{"start":{"line":50,"column":2},"end":{"line":50,"column":68}},"type":"if","locations":[{"start":{"line":50,"column":2},"end":{"line":50,"column":68}},{"start":{},"end":{}}],"line":50},"3":{"loc":{"start":{"line":56,"column":2},"end":{"line":56,"column":69}},"type":"if","locations":[{"start":{"line":56,"column":2},"end":{"line":56,"column":69}},{"start":{},"end":{}}],"line":56},"4":{"loc":{"start":{"line":81,"column":2},"end":{"line":81,"column":76}},"type":"if","locations":[{"start":{"line":81,"column":2},"end":{"line":81,"column":76}},{"start":{},"end":{}}],"line":81},"5":{"loc":{"start":{"line":82,"column":2},"end":{"line":82,"column":89}},"type":"if","locations":[{"start":{"line":82,"column":2},"end":{"line":82,"column":89}},{"start":{},"end":{}}],"line":82},"6":{"loc":{"start":{"line":82,"column":6},"end":{"line":82,"column":41}},"type":"binary-expr","locations":[{"start":{"line":82,"column":6},"end":{"line":82,"column":13}},{"start":{"line":82,"column":17},"end":{"line":82,"column":27}},{"start":{"line":82,"column":31},"end":{"line":82,"column":41}}],"line":82},"7":{"loc":{"start":{"line":99,"column":2},"end":{"line":99,"column":78}},"type":"if","locations":[{"start":{"line":99,"column":2},"end":{"line":99,"column":78}},{"start":{},"end":{}}],"line":99},"8":{"loc":{"start":{"line":102,"column":2},"end":{"line":102,"column":87}},"type":"if","locations":[{"start":{"line":102,"column":2},"end":{"line":102,"column":87}},{"start":{},"end":{}}],"line":102},"9":{"loc":{"start":{"line":163,"column":15},"end":{"line":163,"column":47}},"type":"binary-expr","locations":[{"start":{"line":163,"column":15},"end":{"line":163,"column":26}},{"start":{"line":163,"column":30},"end":{"line":163,"column":47}}],"line":163},"10":{"loc":{"start":{"line":164,"column":17},"end":{"line":164,"column":34}},"type":"binary-expr","locations":[{"start":{"line":164,"column":17},"end":{"line":164,"column":27}},{"start":{"line":164,"column":31},"end":{"line":164,"column":34}}],"line":164},"11":{"loc":{"start":{"line":165,"column":35},"end":{"line":165,"column":88}},"type":"cond-expr","locations":[{"start":{"line":165,"column":51},"end":{"line":165,"column":74}},{"start":{"line":165,"column":77},"end":{"line":165,"column":88}}],"line":165},"12":{"loc":{"start":{"line":170,"column":4},"end":{"line":175,"column":5}},"type":"if","locations":[{"start":{"line":170,"column":4},"end":{"line":175,"column":5}},{"start":{},"end":{}}],"line":170},"13":{"loc":{"start":{"line":176,"column":4},"end":{"line":178,"column":5}},"type":"if","locations":[{"start":{"line":176,"column":4},"end":{"line":178,"column":5}},{"start":{},"end":{}}],"line":176},"14":{"loc":{"start":{"line":195,"column":2},"end":{"line":197,"column":3}},"type":"if","locations":[{"start":{"line":195,"column":2},"end":{"line":197,"column":3}},{"start":{},"end":{}}],"line":195},"15":{"loc":{"start":{"line":209,"column":0},"end":{"line":209,"column":40}},"type":"if","locations":[{"start":{"line":209,"column":0},"end":{"line":209,"column":40}},{"start":{},"end":{}}],"line":209}},"s":{"0":1,"1":1,"2":1,"3":1,"4":1,"5":1,"6":1,"7":1,"8":1,"9":1,"10":1,"11":1,"12":1,"13":1,"14":1,"15":1,"16":1,"17":1,"18":1,"19":1,"20":2,"21":2,"22":1,"23":1,"24":1,"25":1,"26":1,"27":1,"28":1,"29":1,"30":1,"31":1,"32":1,"33":2,"34":2,"35":0,"36":2,"37":2,"38":1,"39":1,"40":1,"41":1,"42":1,"43":3,"44":3,"45":3,"46":0,"47":3,"48":2,"49":1,"50":1,"51":1,"52":1,"53":1,"54":1,"55":2,"56":2,"57":0,"58":2,"59":2,"60":1,"61":1,"62":1,"63":1,"64":1,"65":1,"66":1,"67":1,"68":1,"69":1,"70":1,"71":1,"72":1,"73":1,"74":2,"75":1,"76":1,"77":1,"78":1,"79":1,"80":6,"81":6,"82":6,"83":2,"84":0,"85":0,"86":0,"87":0,"88":0,"89":2,"90":2,"91":2,"92":2,"93":0,"94":0,"95":0,"96":1,"97":1,"98":1,"99":1,"100":1,"101":1,"102":1,"103":1,"104":0,"105":1,"106":0,"107":1,"108":1,"109":1,"110":1,"111":0},"f":{"0":2,"1":1,"2":2,"3":3,"4":2,"5":1,"6":1,"7":1,"8":2,"9":1,"10":6,"11":2,"12":0,"13":0,"14":0,"15":2,"16":0,"17":1,"18":1,"19":0,"20":0},"b":{"0":[1,1],"1":[1,1],"2":[0,2],"3":[1,1],"4":[0,3],"5":[2,1],"6":[3,2,2],"7":[0,2],"8":[1,1],"9":[6,0],"10":[6,1],"11":[1,5],"12":[0,0],"13":[0,0],"14":[1,0],"15":[0,1]},"_coverageSchema":"1a1c01bbd47fc00a2c39e90264f33305004495a9","hash":"7fec18203fccc7e982cff7fe6630dcf6a5a59d68"}
}
