TN:
SF:server.js
FN:25,(anonymous_0)
FN:38,(anonymous_1)
FN:48,(anonymous_2)
FN:78,(anonymous_3)
FN:97,(anonymous_4)
FN:111,(anonymous_5)
FN:116,(anonymous_6)
FN:130,(anonymous_7)
FN:152,(anonymous_8)
FN:157,(anonymous_9)
FN:162,(anonymous_10)
FN:168,setupEventHandlers
FN:169,(anonymous_12)
FN:174,(anonymous_13)
FN:177,(anonymous_14)
FN:182,init
FN:186,(anonymous_16)
FN:193,shutdown
FN:196,(anonymous_18)
FN:203,(anonymous_19)
FN:204,(anonymous_20)
FNF:21
FNH:15
FNDA:2,(anonymous_0)
FNDA:1,(anonymous_1)
FNDA:2,(anonymous_2)
FNDA:3,(anonymous_3)
FNDA:2,(anonymous_4)
FNDA:1,(anonymous_5)
FNDA:1,(anonymous_6)
FNDA:1,(anonymous_7)
FNDA:2,(anonymous_8)
FNDA:1,(anonymous_9)
FNDA:6,(anonymous_10)
FNDA:2,setupEventHandlers
FNDA:0,(anonymous_12)
FNDA:0,(anonymous_13)
FNDA:0,(anonymous_14)
FNDA:2,init
FNDA:0,(anonymous_16)
FNDA:1,shutdown
FNDA:1,(anonymous_18)
FNDA:0,(anonymous_19)
FNDA:0,(anonymous_20)
DA:1,1
DA:2,1
DA:3,1
DA:4,1
DA:5,1
DA:6,1
DA:7,1
DA:8,1
DA:9,1
DA:10,1
DA:11,1
DA:12,1
DA:14,1
DA:15,1
DA:18,1
DA:19,1
DA:20,1
DA:21,1
DA:22,1
DA:25,1
DA:26,2
DA:27,2
DA:28,1
DA:30,1
DA:31,1
DA:32,1
DA:34,1
DA:38,1
DA:39,1
DA:40,1
DA:44,1
DA:48,1
DA:49,2
DA:50,2
DA:52,2
DA:56,2
DA:58,1
DA:65,1
DA:69,1
DA:78,1
DA:79,3
DA:80,3
DA:81,3
DA:82,3
DA:84,1
DA:89,1
DA:90,1
DA:92,1
DA:93,1
DA:97,1
DA:98,2
DA:99,2
DA:101,2
DA:102,2
DA:104,1
DA:108,1
DA:111,1
DA:112,1
DA:113,1
DA:116,1
DA:117,1
DA:126,1
DA:130,1
DA:131,1
DA:140,1
DA:149,1
DA:152,1
DA:153,2
DA:154,1
DA:157,1
DA:158,1
DA:159,1
DA:162,1
DA:163,6
DA:164,6
DA:165,6
DA:169,2
DA:170,0
DA:171,0
DA:174,0
DA:176,0
DA:177,0
DA:183,2
DA:184,2
DA:185,2
DA:186,2
DA:188,0
DA:189,0
DA:194,1
DA:195,1
DA:196,1
DA:198,1
DA:199,1
DA:200,1
DA:203,1
DA:204,1
DA:206,1
DA:207,1
DA:208,1
DA:209,1
LF:100
LH:93
BRDA:15,0,0,1
BRDA:15,0,1,1
BRDA:27,1,0,1
BRDA:27,1,1,1
BRDA:50,2,0,0
BRDA:50,2,1,2
BRDA:56,3,0,1
BRDA:56,3,1,1
BRDA:81,4,0,0
BRDA:81,4,1,3
BRDA:82,5,0,2
BRDA:82,5,1,1
BRDA:82,6,0,3
BRDA:82,6,1,2
BRDA:82,6,2,2
BRDA:99,7,0,0
BRDA:99,7,1,2
BRDA:102,8,0,1
BRDA:102,8,1,1
BRDA:163,9,0,6
BRDA:163,9,1,0
BRDA:164,10,0,6
BRDA:164,10,1,1
BRDA:165,11,0,1
BRDA:165,11,1,5
BRDA:170,12,0,0
BRDA:170,12,1,0
BRDA:176,13,0,0
BRDA:176,13,1,0
BRDA:195,14,0,1
BRDA:195,14,1,0
BRDA:209,15,0,0
BRDA:209,15,1,1
BRF:33
BRH:23
end_of_record
