TN:
SF:server.js
FN:31,(anonymous_0)
FN:49,(anonymous_1)
FN:67,(anonymous_2)
FN:96,(anonymous_3)
FN:114,(anonymous_4)
FN:166,(anonymous_5)
FN:185,(anonymous_6)
FN:228,(anonymous_7)
FN:241,(anonymous_8)
FN:252,(anonymous_9)
FN:255,(anonymous_10)
FN:259,(anonymous_11)
FN:283,(anonymous_12)
FN:295,(anonymous_13)
FN:300,(anonymous_14)
FN:305,(anonymous_15)
FN:310,(anonymous_16)
FN:316,init
FN:330,(anonymous_18)
FN:337,shutdown
FN:339,(anonymous_20)
FN:340,(anonymous_21)
FN:346,(anonymous_22)
FN:347,(anonymous_23)
FNF:24
FNH:21
FNDA:1,(anonymous_0)
FNDA:3,(anonymous_1)
FNDA:4,(anonymous_2)
FNDA:2,(anonymous_3)
FNDA:5,(anonymous_4)
FNDA:2,(anonymous_5)
FNDA:8,(anonymous_6)
FNDA:1,(anonymous_7)
FNDA:3,(anonymous_8)
FNDA:7,(anonymous_9)
FNDA:1,(anonymous_10)
FNDA:2,(anonymous_11)
FNDA:2,(anonymous_12)
FNDA:1,(anonymous_13)
FNDA:1,(anonymous_14)
FNDA:1,(anonymous_15)
FNDA:12,(anonymous_16)
FNDA:1,init
FNDA:0,(anonymous_18)
FNDA:1,shutdown
FNDA:1,(anonymous_20)
FNDA:1,(anonymous_21)
FNDA:0,(anonymous_22)
FNDA:0,(anonymous_23)
DA:1,1
DA:2,1
DA:3,1
DA:4,1
DA:5,1
DA:6,1
DA:7,1
DA:8,1
DA:9,1
DA:10,1
DA:11,1
DA:12,1
DA:13,1
DA:14,1
DA:15,1
DA:17,1
DA:18,1
DA:19,1
DA:24,1
DA:25,1
DA:26,1
DA:27,1
DA:28,1
DA:31,1
DA:32,1
DA:45,1
DA:49,1
DA:50,3
DA:51,3
DA:54,3
DA:55,2
DA:56,2
DA:58,1
DA:63,1
DA:67,1
DA:68,4
DA:69,4
DA:70,4
DA:72,3
DA:73,3
DA:74,2
DA:75,2
DA:77,1
DA:83,1
DA:84,1
DA:92,1
DA:96,1
DA:97,2
DA:98,2
DA:100,2
DA:104,2
DA:106,1
DA:110,1
DA:114,1
DA:115,5
DA:116,5
DA:118,5
DA:119,5
DA:120,4
DA:121,3
DA:124,2
DA:129,2
DA:130,1
DA:132,1
DA:136,1
DA:139,2
DA:144,2
DA:147,2
DA:152,2
DA:160,2
DA:162,2
DA:166,1
DA:167,2
DA:169,2
DA:170,1
DA:173,1
DA:175,1
DA:178,1
DA:180,2
DA:181,2
DA:185,1
DA:186,8
DA:187,8
DA:189,8
DA:193,8
DA:194,7
DA:197,7
DA:198,2
DA:199,1
DA:200,1
DA:202,1
DA:208,1
DA:209,5
DA:210,1
DA:211,1
DA:212,1
DA:213,4
DA:214,2
DA:215,2
DA:216,1
DA:217,1
DA:218,2
DA:219,1
DA:220,1
DA:221,1
DA:223,1
DA:228,1
DA:229,1
DA:230,1
DA:234,1
DA:235,1
DA:239,1
DA:241,1
DA:242,3
DA:243,3
DA:244,2
DA:245,2
DA:246,1
DA:248,1
DA:252,1
DA:253,7
DA:255,7
DA:256,1
DA:259,7
DA:260,2
DA:261,2
DA:265,1
DA:266,1
DA:269,1
DA:270,1
DA:271,1
DA:272,1
DA:279,1
DA:283,7
DA:284,2
DA:285,2
DA:289,1
DA:291,1
DA:295,7
DA:296,1
DA:300,1
DA:301,1
DA:302,1
DA:305,1
DA:306,1
DA:307,1
DA:310,1
DA:311,12
DA:312,12
DA:313,12
DA:317,1
DA:318,1
DA:319,1
DA:321,1
DA:322,1
DA:323,0
DA:324,0
DA:325,0
DA:326,0
DA:328,1
DA:330,1
DA:332,0
DA:333,0
DA:338,1
DA:339,1
DA:340,1
DA:341,1
DA:342,1
DA:343,1
DA:346,1
DA:347,1
DA:349,1
DA:350,1
DA:351,1
DA:352,1
LF:175
LH:169
BRDA:19,0,0,1
BRDA:19,0,1,1
BRDA:54,1,0,1
BRDA:54,1,1,2
BRDA:56,2,0,1
BRDA:56,2,1,1
BRDA:56,3,0,2
BRDA:56,3,1,1
BRDA:69,4,0,3
BRDA:70,5,0,1
BRDA:70,5,1,3
BRDA:73,6,0,1
BRDA:73,6,1,2
BRDA:75,7,0,1
BRDA:75,7,1,1
BRDA:75,8,0,2
BRDA:75,8,1,1
BRDA:79,9,0,1
BRDA:79,9,1,1
BRDA:83,10,0,1
BRDA:83,10,1,0
BRDA:89,11,0,1
BRDA:89,11,1,0
BRDA:98,12,0,0
BRDA:98,12,1,2
BRDA:98,13,0,2
BRDA:98,13,1,2
BRDA:104,14,0,1
BRDA:104,14,1,1
BRDA:116,15,0,0
BRDA:116,15,1,5
BRDA:119,16,0,1
BRDA:119,16,1,4
BRDA:120,17,0,1
BRDA:120,17,1,3
BRDA:121,18,0,1
BRDA:121,18,1,2
BRDA:129,19,0,1
BRDA:129,19,1,1
BRDA:169,20,0,1
BRDA:169,20,1,1
BRDA:193,21,0,1
BRDA:193,21,1,7
BRDA:197,22,0,2
BRDA:197,22,1,5
BRDA:198,23,0,1
BRDA:198,23,1,1
BRDA:209,24,0,1
BRDA:209,24,1,4
BRDA:210,25,0,0
BRDA:210,25,1,1
BRDA:213,26,0,2
BRDA:213,26,1,2
BRDA:214,27,0,0
BRDA:214,27,1,2
BRDA:215,28,0,1
BRDA:215,28,1,1
BRDA:215,29,0,2
BRDA:215,29,1,1
BRDA:218,30,0,1
BRDA:218,30,1,1
BRDA:219,31,0,0
BRDA:219,31,1,1
BRDA:239,32,0,1
BRDA:239,32,1,1
BRDA:243,33,0,1
BRDA:243,33,1,2
BRDA:259,34,0,1
BRDA:270,35,0,1
BRDA:270,35,1,0
BRDA:271,36,0,1
BRDA:271,36,1,0
BRDA:311,37,0,12
BRDA:311,37,1,0
BRDA:312,38,0,12
BRDA:312,38,1,0
BRDA:313,39,0,0
BRDA:313,39,1,12
BRDA:323,40,0,0
BRDA:323,40,1,0
BRDA:324,41,0,0
BRDA:324,41,1,0
BRDA:352,42,0,0
BRDA:352,42,1,1
BRF:84
BRH:67
end_of_record
