<?xml version="1.0" encoding="UTF-8"?>
<coverage generated="1780645081162" clover="3.2.0">
  <project timestamp="1780645081162" name="All files">
    <metrics statements="180" coveredstatements="177" conditionals="86" coveredconditionals="75" methods="21" coveredmethods="17" elements="287" coveredelements="269" complexity="0" loc="180" ncloc="180" packages="1" files="1" classes="1"/>
    <file name="server.js" path="C:\Users\MATRIX TECHNOLOGY\Documents\smart campus market\campusmarket\backend\services\auth-service\server.js">
      <metrics statements="180" coveredstatements="177" conditionals="86" coveredconditionals="75" methods="21" coveredmethods="17"/>
      <line num="1" count="1" type="stmt"/>
      <line num="2" count="1" type="stmt"/>
      <line num="3" count="1" type="stmt"/>
      <line num="4" count="1" type="stmt"/>
      <line num="5" count="1" type="stmt"/>
      <line num="6" count="1" type="stmt"/>
      <line num="7" count="1" type="stmt"/>
      <line num="8" count="1" type="stmt"/>
      <line num="9" count="1" type="stmt"/>
      <line num="11" count="1" type="stmt"/>
      <line num="12" count="1" type="stmt"/>
      <line num="13" count="1" type="stmt"/>
      <line num="14" count="1" type="stmt"/>
      <line num="15" count="1" type="stmt"/>
      <line num="16" count="1" type="stmt"/>
      <line num="18" count="1" type="stmt"/>
      <line num="19" count="1" type="cond" truecount="2" falsecount="0"/>
      <line num="20" count="1" type="stmt"/>
      <line num="21" count="1" type="stmt"/>
      <line num="22" count="1" type="stmt"/>
      <line num="25" count="1" type="stmt"/>
      <line num="27" count="1" type="stmt"/>
      <line num="28" count="1" type="stmt"/>
      <line num="29" count="1" type="stmt"/>
      <line num="30" count="1" type="stmt"/>
      <line num="32" count="1" type="stmt"/>
      <line num="40" count="1" type="stmt"/>
      <line num="43" count="1" type="stmt"/>
      <line num="44" count="4" type="stmt"/>
      <line num="46" count="4" type="stmt"/>
      <line num="47" count="4" type="cond" truecount="2" falsecount="0"/>
      <line num="49" count="3" type="stmt"/>
      <line num="50" count="3" type="cond" truecount="2" falsecount="0"/>
      <line num="52" count="2" type="stmt"/>
      <line num="53" count="2" type="cond" truecount="2" falsecount="0"/>
      <line num="55" count="1" type="stmt"/>
      <line num="57" count="1" type="stmt"/>
      <line num="62" count="1" type="stmt"/>
      <line num="63" count="1" type="stmt"/>
      <line num="64" count="1" type="stmt"/>
      <line num="66" count="1" type="stmt"/>
      <line num="73" count="1" type="stmt"/>
      <line num="79" count="1" type="stmt"/>
      <line num="80" count="1" type="stmt"/>
      <line num="84" count="1" type="stmt"/>
      <line num="85" count="6" type="stmt"/>
      <line num="87" count="6" type="stmt"/>
      <line num="88" count="6" type="cond" truecount="2" falsecount="0"/>
      <line num="90" count="5" type="stmt"/>
      <line num="94" count="5" type="cond" truecount="2" falsecount="0"/>
      <line num="96" count="4" type="stmt"/>
      <line num="97" count="4" type="stmt"/>
      <line num="98" count="4" type="cond" truecount="2" falsecount="0"/>
      <line num="100" count="3" type="cond" truecount="2" falsecount="0"/>
      <line num="101" count="2" type="cond" truecount="3" falsecount="1"/>
      <line num="103" count="1" type="stmt"/>
      <line num="104" count="1" type="stmt"/>
      <line num="106" count="1" type="stmt"/>
      <line num="107" count="1" type="stmt"/>
      <line num="112" count="1" type="stmt"/>
      <line num="114" count="1" type="stmt"/>
      <line num="115" count="1" type="stmt"/>
      <line num="119" count="1" type="stmt"/>
      <line num="120" count="3" type="stmt"/>
      <line num="121" count="3" type="cond" truecount="2" falsecount="0"/>
      <line num="123" count="2" type="stmt"/>
      <line num="124" count="2" type="stmt"/>
      <line num="125" count="1" type="stmt"/>
      <line num="128" count="2" type="stmt"/>
      <line num="132" count="1" type="stmt"/>
      <line num="133" count="6" type="stmt"/>
      <line num="134" count="6" type="cond" truecount="2" falsecount="0"/>
      <line num="137" count="5" type="stmt"/>
      <line num="140" count="5" type="cond" truecount="2" falsecount="0"/>
      <line num="141" count="4" type="stmt"/>
      <line num="142" count="4" type="cond" truecount="2" falsecount="0"/>
      <line num="144" count="3" type="stmt"/>
      <line num="146" count="3" type="cond" truecount="1" falsecount="1"/>
      <line num="149" count="3" type="stmt"/>
      <line num="151" count="3" type="cond" truecount="2" falsecount="0"/>
      <line num="153" count="1" type="stmt"/>
      <line num="157" count="1" type="stmt"/>
      <line num="160" count="3" type="stmt"/>
      <line num="161" count="3" type="cond" truecount="3" falsecount="1"/>
      <line num="164" count="2" type="cond" truecount="1" falsecount="1"/>
      <line num="166" count="2" type="stmt"/>
      <line num="167" count="2" type="stmt"/>
      <line num="174" count="1" type="stmt"/>
      <line num="175" count="6" type="stmt"/>
      <line num="176" count="6" type="cond" truecount="2" falsecount="0"/>
      <line num="179" count="5" type="stmt"/>
      <line num="180" count="5" type="stmt"/>
      <line num="181" count="4" type="cond" truecount="2" falsecount="0"/>
      <line num="183" count="2" type="stmt"/>
      <line num="186" count="3" type="stmt"/>
      <line num="190" count="3" type="cond" truecount="2" falsecount="0"/>
      <line num="192" count="2" type="stmt"/>
      <line num="193" count="2" type="cond" truecount="2" falsecount="0"/>
      <line num="195" count="1" type="stmt"/>
      <line num="197" count="1" type="stmt"/>
      <line num="198" count="1" type="cond" truecount="1" falsecount="1"/>
      <line num="200" count="1" type="stmt"/>
      <line num="201" count="1" type="stmt"/>
      <line num="202" count="1" type="stmt"/>
      <line num="203" count="1" type="stmt"/>
      <line num="208" count="1" type="stmt"/>
      <line num="212" count="1" type="stmt"/>
      <line num="213" count="3" type="stmt"/>
      <line num="214" count="3" type="stmt"/>
      <line num="215" count="2" type="cond" truecount="2" falsecount="0"/>
      <line num="217" count="1" type="stmt"/>
      <line num="219" count="1" type="stmt"/>
      <line num="225" count="1" type="stmt"/>
      <line num="226" count="1" type="stmt"/>
      <line num="230" count="1" type="stmt"/>
      <line num="231" count="4" type="stmt"/>
      <line num="232" count="4" type="stmt"/>
      <line num="233" count="4" type="cond" truecount="2" falsecount="0"/>
      <line num="235" count="3" type="stmt"/>
      <line num="236" count="3" type="cond" truecount="2" falsecount="0"/>
      <line num="237" count="2" type="cond" truecount="2" falsecount="0"/>
      <line num="239" count="1" type="stmt"/>
      <line num="240" count="1" type="stmt"/>
      <line num="242" count="1" type="stmt"/>
      <line num="249" count="1" type="stmt"/>
      <line num="250" count="1" type="stmt"/>
      <line num="254" count="1" type="stmt"/>
      <line num="255" count="3" type="stmt"/>
      <line num="256" count="3" type="stmt"/>
      <line num="257" count="3" type="cond" truecount="2" falsecount="0"/>
      <line num="259" count="2" type="stmt"/>
      <line num="260" count="2" type="cond" truecount="2" falsecount="0"/>
      <line num="262" count="1" type="stmt"/>
      <line num="264" count="1" type="stmt"/>
      <line num="271" count="1" type="stmt"/>
      <line num="275" count="1" type="stmt"/>
      <line num="276" count="5" type="stmt"/>
      <line num="277" count="5" type="cond" truecount="4" falsecount="0"/>
      <line num="279" count="4" type="stmt"/>
      <line num="280" count="4" type="cond" truecount="2" falsecount="0"/>
      <line num="282" count="3" type="stmt"/>
      <line num="283" count="2" type="cond" truecount="2" falsecount="0"/>
      <line num="285" count="1" type="stmt"/>
      <line num="286" count="1" type="stmt"/>
      <line num="287" count="1" type="stmt"/>
      <line num="289" count="1" type="stmt"/>
      <line num="290" count="1" type="stmt"/>
      <line num="294" count="1" type="stmt"/>
      <line num="295" count="1" type="stmt"/>
      <line num="296" count="1" type="stmt"/>
      <line num="300" count="1" type="stmt"/>
      <line num="301" count="1" type="stmt"/>
      <line num="302" count="1" type="stmt"/>
      <line num="305" count="1" type="stmt"/>
      <line num="306" count="25" type="cond" truecount="1" falsecount="1"/>
      <line num="307" count="25" type="cond" truecount="2" falsecount="0"/>
      <line num="308" count="25" type="cond" truecount="2" falsecount="0"/>
      <line num="312" count="3" type="stmt"/>
      <line num="313" count="1" type="cond" truecount="1" falsecount="1"/>
      <line num="314" count="1" type="stmt"/>
      <line num="315" count="1" type="stmt"/>
      <line num="321" count="3" type="stmt"/>
      <line num="322" count="3" type="stmt"/>
      <line num="323" count="3" type="stmt"/>
      <line num="324" count="3" type="stmt"/>
      <line num="325" count="0" type="stmt"/>
      <line num="328" count="0" type="stmt"/>
      <line num="329" count="0" type="stmt"/>
      <line num="334" count="1" type="stmt"/>
      <line num="335" count="1" type="cond" truecount="1" falsecount="1"/>
      <line num="336" count="1" type="stmt"/>
      <line num="338" count="1" type="stmt"/>
      <line num="339" count="1" type="stmt"/>
      <line num="340" count="1" type="stmt"/>
      <line num="343" count="1" type="stmt"/>
      <line num="344" count="1" type="stmt"/>
      <line num="346" count="1" type="stmt"/>
      <line num="347" count="1" type="stmt"/>
      <line num="348" count="1" type="stmt"/>
      <line num="349" count="1" type="cond" truecount="1" falsecount="1"/>
    </file>
  </project>
</coverage>
