{"C:\\Users\\MATRIX TECHNOLOGY\\Documents\\smart campus market\\campusmarket\\backend\\services\\auth-service\\server.js": {"path":"C:\\Users\\MATRIX TECHNOLOGY\\Documents\\smart campus market\\campusmarket\\backend\\services\\auth-service\\server.js","statementMap":{"0":{"start":{"line":1,"column":0},"end":{"line":1,"column":27}},"1":{"start":{"line":2,"column":16},"end":{"line":2,"column":34}},"2":{"start":{"line":3,"column":15},"end":{"line":3,"column":34}},"3":{"start":{"line":4,"column":12},"end":{"line":4,"column":35}},"4":{"start":{"line":5,"column":13},"end":{"line":5,"column":28}},"5":{"start":{"line":6,"column":15},"end":{"line":6,"column":32}},"6":{"start":{"line":7,"column":18},"end":{"line":7,"column":47}},"7":{"start":{"line":8,"column":44},"end":{"line":8,"column":66}},"8":{"start":{"line":9,"column":25},"end":{"line":9,"column":55}},"9":{"start":{"line":11,"column":13},"end":{"line":11,"column":39}},"10":{"start":{"line":12,"column":60},"end":{"line":12,"column":92}},"11":{"start":{"line":13,"column":35},"end":{"line":13,"column":71}},"12":{"start":{"line":14,"column":15},"end":{"line":14,"column":45}},"13":{"start":{"line":15,"column":30},"end":{"line":15,"column":61}},"14":{"start":{"line":16,"column":96},"end":{"line":16,"column":126}},"15":{"start":{"line":18,"column":12},"end":{"line":18,"column":21}},"16":{"start":{"line":19,"column":13},"end":{"line":19,"column":37}},"17":{"start":{"line":20,"column":19},"end":{"line":20,"column":41}},"18":{"start":{"line":21,"column":20},"end":{"line":21,"column":22}},"19":{"start":{"line":22,"column":21},"end":{"line":22,"column":67}},"20":{"start":{"line":25,"column":0},"end":{"line":25,"column":24}},"21":{"start":{"line":27,"column":0},"end":{"line":27,"column":18}},"22":{"start":{"line":28,"column":0},"end":{"line":28,"column":16}},"23":{"start":{"line":29,"column":0},"end":{"line":29,"column":24}},"24":{"start":{"line":30,"column":0},"end":{"line":30,"column":27}},"25":{"start":{"line":32,"column":20},"end":{"line":38,"column":2}},"26":{"start":{"line":40,"column":19},"end":{"line":40,"column":69}},"27":{"start":{"line":43,"column":0},"end":{"line":81,"column":4}},"28":{"start":{"line":44,"column":66},"end":{"line":44,"column":74}},"29":{"start":{"line":46,"column":21},"end":{"line":46,"column":41}},"30":{"start":{"line":47,"column":2},"end":{"line":47,"column":67}},"31":{"start":{"line":47,"column":25},"end":{"line":47,"column":67}},"32":{"start":{"line":49,"column":18},"end":{"line":49,"column":44}},"33":{"start":{"line":50,"column":2},"end":{"line":50,"column":61}},"34":{"start":{"line":50,"column":22},"end":{"line":50,"column":61}},"35":{"start":{"line":52,"column":19},"end":{"line":52,"column":94}},"36":{"start":{"line":53,"column":2},"end":{"line":53,"column":79}},"37":{"start":{"line":53,"column":32},"end":{"line":53,"column":79}},"38":{"start":{"line":55,"column":23},"end":{"line":55,"column":68}},"39":{"start":{"line":57,"column":17},"end":{"line":60,"column":3}},"40":{"start":{"line":62,"column":17},"end":{"line":62,"column":34}},"41":{"start":{"line":63,"column":28},"end":{"line":63,"column":98}},"42":{"start":{"line":64,"column":2},"end":{"line":64,"column":102}},"43":{"start":{"line":66,"column":2},"end":{"line":71,"column":5}},"44":{"start":{"line":73,"column":2},"end":{"line":77,"column":5}},"45":{"start":{"line":79,"column":2},"end":{"line":79,"column":70}},"46":{"start":{"line":80,"column":2},"end":{"line":80,"column":105}},"47":{"start":{"line":84,"column":0},"end":{"line":116,"column":4}},"48":{"start":{"line":85,"column":30},"end":{"line":85,"column":38}},"49":{"start":{"line":87,"column":21},"end":{"line":87,"column":41}},"50":{"start":{"line":88,"column":2},"end":{"line":88,"column":67}},"51":{"start":{"line":88,"column":25},"end":{"line":88,"column":67}},"52":{"start":{"line":90,"column":17},"end":{"line":93,"column":3}},"53":{"start":{"line":94,"column":2},"end":{"line":94,"column":79}},"54":{"start":{"line":94,"column":32},"end":{"line":94,"column":79}},"55":{"start":{"line":96,"column":15},"end":{"line":96,"column":29}},"56":{"start":{"line":97,"column":18},"end":{"line":97,"column":68}},"57":{"start":{"line":98,"column":2},"end":{"line":98,"column":63}},"58":{"start":{"line":98,"column":16},"end":{"line":98,"column":63}},"59":{"start":{"line":100,"column":2},"end":{"line":100,"column":83}},"60":{"start":{"line":100,"column":25},"end":{"line":100,"column":83}},"61":{"start":{"line":101,"column":2},"end":{"line":101,"column":117}},"62":{"start":{"line":101,"column":25},"end":{"line":101,"column":117}},"63":{"start":{"line":103,"column":22},"end":{"line":103,"column":102}},"64":{"start":{"line":104,"column":23},"end":{"line":104,"column":102}},"65":{"start":{"line":106,"column":22},"end":{"line":106,"column":66}},"66":{"start":{"line":107,"column":2},"end":{"line":110,"column":4}},"67":{"start":{"line":112,"column":2},"end":{"line":112,"column":79}},"68":{"start":{"line":114,"column":2},"end":{"line":114,"column":53}},"69":{"start":{"line":115,"column":2},"end":{"line":115,"column":101}},"70":{"start":{"line":119,"column":0},"end":{"line":129,"column":4}},"71":{"start":{"line":120,"column":16},"end":{"line":120,"column":56}},"72":{"start":{"line":121,"column":2},"end":{"line":121,"column":57}},"73":{"start":{"line":121,"column":14},"end":{"line":121,"column":57}},"74":{"start":{"line":123,"column":2},"end":{"line":126,"column":12}},"75":{"start":{"line":124,"column":20},"end":{"line":124,"column":49}},"76":{"start":{"line":125,"column":4},"end":{"line":125,"column":86}},"77":{"start":{"line":128,"column":2},"end":{"line":128,"column":51}},"78":{"start":{"line":132,"column":0},"end":{"line":171,"column":4}},"79":{"start":{"line":133,"column":25},"end":{"line":133,"column":33}},"80":{"start":{"line":134,"column":2},"end":{"line":134,"column":73}},"81":{"start":{"line":134,"column":19},"end":{"line":134,"column":73}},"82":{"start":{"line":137,"column":23},"end":{"line":139,"column":3}},"83":{"start":{"line":140,"column":2},"end":{"line":140,"column":72}},"84":{"start":{"line":140,"column":24},"end":{"line":140,"column":72}},"85":{"start":{"line":141,"column":18},"end":{"line":141,"column":43}},"86":{"start":{"line":142,"column":2},"end":{"line":142,"column":103}},"87":{"start":{"line":142,"column":52},"end":{"line":142,"column":103}},"88":{"start":{"line":144,"column":54},"end":{"line":144,"column":61}},"89":{"start":{"line":146,"column":2},"end":{"line":146,"column":68}},"90":{"start":{"line":146,"column":14},"end":{"line":146,"column":68}},"91":{"start":{"line":149,"column":15},"end":{"line":149,"column":78}},"92":{"start":{"line":151,"column":2},"end":{"line":158,"column":3}},"93":{"start":{"line":153,"column":4},"end":{"line":156,"column":6}},"94":{"start":{"line":157,"column":4},"end":{"line":157,"column":56}},"95":{"start":{"line":160,"column":15},"end":{"line":160,"column":29}},"96":{"start":{"line":161,"column":2},"end":{"line":161,"column":111}},"97":{"start":{"line":161,"column":25},"end":{"line":161,"column":111}},"98":{"start":{"line":164,"column":22},"end":{"line":164,"column":112}},"99":{"start":{"line":166,"column":2},"end":{"line":166,"column":64}},"100":{"start":{"line":167,"column":2},"end":{"line":170,"column":5}},"101":{"start":{"line":174,"column":0},"end":{"line":209,"column":4}},"102":{"start":{"line":175,"column":27},"end":{"line":175,"column":35}},"103":{"start":{"line":176,"column":2},"end":{"line":176,"column":71}},"104":{"start":{"line":176,"column":21},"end":{"line":176,"column":71}},"105":{"start":{"line":179,"column":2},"end":{"line":184,"column":3}},"106":{"start":{"line":180,"column":4},"end":{"line":180,"column":51}},"107":{"start":{"line":181,"column":4},"end":{"line":181,"column":54}},"108":{"start":{"line":181,"column":36},"end":{"line":181,"column":54}},"109":{"start":{"line":183,"column":4},"end":{"line":183,"column":53}},"110":{"start":{"line":186,"column":17},"end":{"line":189,"column":3}},"111":{"start":{"line":190,"column":2},"end":{"line":190,"column":87}},"112":{"start":{"line":190,"column":27},"end":{"line":190,"column":87}},"113":{"start":{"line":192,"column":16},"end":{"line":192,"column":77}},"114":{"start":{"line":193,"column":2},"end":{"line":193,"column":63}},"115":{"start":{"line":193,"column":14},"end":{"line":193,"column":63}},"116":{"start":{"line":195,"column":2},"end":{"line":195,"column":84}},"117":{"start":{"line":197,"column":15},"end":{"line":197,"column":91}},"118":{"start":{"line":198,"column":2},"end":{"line":198,"column":67}},"119":{"start":{"line":198,"column":25},"end":{"line":198,"column":67}},"120":{"start":{"line":200,"column":20},"end":{"line":200,"column":116}},"121":{"start":{"line":201,"column":21},"end":{"line":201,"column":108}},"122":{"start":{"line":202,"column":18},"end":{"line":202,"column":60}},"123":{"start":{"line":203,"column":2},"end":{"line":206,"column":4}},"124":{"start":{"line":208,"column":2},"end":{"line":208,"column":65}},"125":{"start":{"line":212,"column":0},"end":{"line":227,"column":4}},"126":{"start":{"line":213,"column":20},"end":{"line":213,"column":30}},"127":{"start":{"line":214,"column":18},"end":{"line":214,"column":47}},"128":{"start":{"line":215,"column":2},"end":{"line":215,"column":79}},"129":{"start":{"line":215,"column":33},"end":{"line":215,"column":79}},"130":{"start":{"line":217,"column":2},"end":{"line":217,"column":111}},"131":{"start":{"line":219,"column":2},"end":{"line":223,"column":5}},"132":{"start":{"line":225,"column":2},"end":{"line":225,"column":60}},"133":{"start":{"line":226,"column":2},"end":{"line":226,"column":55}},"134":{"start":{"line":230,"column":0},"end":{"line":251,"column":4}},"135":{"start":{"line":231,"column":20},"end":{"line":231,"column":28}},"136":{"start":{"line":232,"column":21},"end":{"line":232,"column":41}},"137":{"start":{"line":233,"column":2},"end":{"line":233,"column":67}},"138":{"start":{"line":233,"column":25},"end":{"line":233,"column":67}},"139":{"start":{"line":235,"column":15},"end":{"line":235,"column":103}},"140":{"start":{"line":236,"column":2},"end":{"line":236,"column":114}},"141":{"start":{"line":236,"column":25},"end":{"line":236,"column":114}},"142":{"start":{"line":237,"column":2},"end":{"line":237,"column":87}},"143":{"start":{"line":237,"column":32},"end":{"line":237,"column":87}},"144":{"start":{"line":239,"column":28},"end":{"line":239,"column":115}},"145":{"start":{"line":240,"column":2},"end":{"line":240,"column":111}},"146":{"start":{"line":242,"column":2},"end":{"line":247,"column":5}},"147":{"start":{"line":249,"column":2},"end":{"line":249,"column":72}},"148":{"start":{"line":250,"column":2},"end":{"line":250,"column":84}},"149":{"start":{"line":254,"column":0},"end":{"line":272,"column":4}},"150":{"start":{"line":255,"column":20},"end":{"line":255,"column":28}},"151":{"start":{"line":256,"column":21},"end":{"line":256,"column":41}},"152":{"start":{"line":257,"column":2},"end":{"line":257,"column":67}},"153":{"start":{"line":257,"column":25},"end":{"line":257,"column":67}},"154":{"start":{"line":259,"column":15},"end":{"line":259,"column":90}},"155":{"start":{"line":260,"column":2},"end":{"line":260,"column":107}},"156":{"start":{"line":260,"column":25},"end":{"line":260,"column":107}},"157":{"start":{"line":262,"column":21},"end":{"line":262,"column":106}},"158":{"start":{"line":264,"column":2},"end":{"line":269,"column":5}},"159":{"start":{"line":271,"column":2},"end":{"line":271,"column":77}},"160":{"start":{"line":275,"column":0},"end":{"line":291,"column":4}},"161":{"start":{"line":276,"column":30},"end":{"line":276,"column":38}},"162":{"start":{"line":277,"column":2},"end":{"line":277,"column":82}},"163":{"start":{"line":277,"column":27},"end":{"line":277,"column":82}},"164":{"start":{"line":279,"column":18},"end":{"line":279,"column":44}},"165":{"start":{"line":280,"column":2},"end":{"line":280,"column":61}},"166":{"start":{"line":280,"column":22},"end":{"line":280,"column":61}},"167":{"start":{"line":282,"column":18},"end":{"line":282,"column":47}},"168":{"start":{"line":283,"column":2},"end":{"line":283,"column":73}},"169":{"start":{"line":283,"column":32},"end":{"line":283,"column":73}},"170":{"start":{"line":285,"column":23},"end":{"line":285,"column":68}},"171":{"start":{"line":286,"column":2},"end":{"line":286,"column":100}},"172":{"start":{"line":287,"column":2},"end":{"line":287,"column":84}},"173":{"start":{"line":289,"column":2},"end":{"line":289,"column":60}},"174":{"start":{"line":290,"column":2},"end":{"line":290,"column":55}},"175":{"start":{"line":294,"column":0},"end":{"line":297,"column":4}},"176":{"start":{"line":295,"column":2},"end":{"line":295,"column":31}},"177":{"start":{"line":296,"column":2},"end":{"line":296,"column":91}},"178":{"start":{"line":300,"column":0},"end":{"line":303,"column":3}},"179":{"start":{"line":301,"column":2},"end":{"line":301,"column":48}},"180":{"start":{"line":302,"column":2},"end":{"line":302,"column":36}},"181":{"start":{"line":305,"column":0},"end":{"line":309,"column":3}},"182":{"start":{"line":306,"column":2},"end":{"line":306,"column":71}},"183":{"start":{"line":307,"column":17},"end":{"line":307,"column":34}},"184":{"start":{"line":308,"column":2},"end":{"line":308,"column":92}},"185":{"start":{"line":312,"column":2},"end":{"line":317,"column":5}},"186":{"start":{"line":313,"column":4},"end":{"line":316,"column":5}},"187":{"start":{"line":314,"column":6},"end":{"line":314,"column":61}},"188":{"start":{"line":315,"column":6},"end":{"line":315,"column":96}},"189":{"start":{"line":321,"column":2},"end":{"line":330,"column":3}},"190":{"start":{"line":322,"column":4},"end":{"line":322,"column":22}},"191":{"start":{"line":323,"column":4},"end":{"line":323,"column":31}},"192":{"start":{"line":324,"column":4},"end":{"line":326,"column":7}},"193":{"start":{"line":325,"column":6},"end":{"line":325,"column":58}},"194":{"start":{"line":328,"column":4},"end":{"line":328,"column":80}},"195":{"start":{"line":329,"column":4},"end":{"line":329,"column":20}},"196":{"start":{"line":334,"column":2},"end":{"line":334,"column":79}},"197":{"start":{"line":335,"column":2},"end":{"line":337,"column":3}},"198":{"start":{"line":336,"column":4},"end":{"line":336,"column":58}},"199":{"start":{"line":336,"column":35},"end":{"line":336,"column":56}},"200":{"start":{"line":338,"column":2},"end":{"line":338,"column":21}},"201":{"start":{"line":339,"column":2},"end":{"line":339,"column":19}},"202":{"start":{"line":340,"column":2},"end":{"line":340,"column":18}},"203":{"start":{"line":343,"column":0},"end":{"line":343,"column":49}},"204":{"start":{"line":343,"column":28},"end":{"line":343,"column":47}},"205":{"start":{"line":344,"column":0},"end":{"line":344,"column":47}},"206":{"start":{"line":344,"column":27},"end":{"line":344,"column":45}},"207":{"start":{"line":346,"column":0},"end":{"line":346,"column":21}},"208":{"start":{"line":347,"column":0},"end":{"line":347,"column":28}},"209":{"start":{"line":348,"column":0},"end":{"line":348,"column":36}},"210":{"start":{"line":349,"column":0},"end":{"line":349,"column":40}},"211":{"start":{"line":349,"column":31},"end":{"line":349,"column":38}}},"fnMap":{"0":{"name":"(anonymous_0)","decl":{"start":{"line":43,"column":57},"end":{"line":43,"column":58}},"loc":{"start":{"line":43,"column":77},"end":{"line":81,"column":1}},"line":43},"1":{"name":"(anonymous_1)","decl":{"start":{"line":84,"column":54},"end":{"line":84,"column":55}},"loc":{"start":{"line":84,"column":74},"end":{"line":116,"column":1}},"line":84},"2":{"name":"(anonymous_2)","decl":{"start":{"line":119,"column":42},"end":{"line":119,"column":43}},"loc":{"start":{"line":119,"column":62},"end":{"line":129,"column":1}},"line":119},"3":{"name":"(anonymous_3)","decl":{"start":{"line":132,"column":42},"end":{"line":132,"column":43}},"loc":{"start":{"line":132,"column":62},"end":{"line":171,"column":1}},"line":132},"4":{"name":"(anonymous_4)","decl":{"start":{"line":174,"column":43},"end":{"line":174,"column":44}},"loc":{"start":{"line":174,"column":63},"end":{"line":209,"column":1}},"line":174},"5":{"name":"(anonymous_5)","decl":{"start":{"line":212,"column":48},"end":{"line":212,"column":49}},"loc":{"start":{"line":212,"column":68},"end":{"line":227,"column":1}},"line":212},"6":{"name":"(anonymous_6)","decl":{"start":{"line":230,"column":68},"end":{"line":230,"column":69}},"loc":{"start":{"line":230,"column":88},"end":{"line":251,"column":1}},"line":230},"7":{"name":"(anonymous_7)","decl":{"start":{"line":254,"column":64},"end":{"line":254,"column":65}},"loc":{"start":{"line":254,"column":84},"end":{"line":272,"column":1}},"line":254},"8":{"name":"(anonymous_8)","decl":{"start":{"line":275,"column":63},"end":{"line":275,"column":64}},"loc":{"start":{"line":275,"column":83},"end":{"line":291,"column":1}},"line":275},"9":{"name":"(anonymous_9)","decl":{"start":{"line":294,"column":32},"end":{"line":294,"column":33}},"loc":{"start":{"line":294,"column":53},"end":{"line":297,"column":1}},"line":294},"10":{"name":"(anonymous_10)","decl":{"start":{"line":300,"column":20},"end":{"line":300,"column":21}},"loc":{"start":{"line":300,"column":40},"end":{"line":303,"column":1}},"line":300},"11":{"name":"(anonymous_11)","decl":{"start":{"line":305,"column":8},"end":{"line":305,"column":9}},"loc":{"start":{"line":305,"column":34},"end":{"line":309,"column":1}},"line":305},"12":{"name":"setupEventHandlers","decl":{"start":{"line":311,"column":15},"end":{"line":311,"column":33}},"loc":{"start":{"line":311,"column":36},"end":{"line":318,"column":1}},"line":311},"13":{"name":"(anonymous_13)","decl":{"start":{"line":312,"column":48},"end":{"line":312,"column":49}},"loc":{"start":{"line":312,"column":59},"end":{"line":317,"column":3}},"line":312},"14":{"name":"(anonymous_14)","decl":{"start":{"line":315,"column":86},"end":{"line":315,"column":87}},"loc":{"start":{"line":315,"column":92},"end":{"line":315,"column":94}},"line":315},"15":{"name":"init","decl":{"start":{"line":320,"column":15},"end":{"line":320,"column":19}},"loc":{"start":{"line":320,"column":22},"end":{"line":331,"column":1}},"line":320},"16":{"name":"(anonymous_16)","decl":{"start":{"line":324,"column":30},"end":{"line":324,"column":31}},"loc":{"start":{"line":324,"column":36},"end":{"line":326,"column":5}},"line":324},"17":{"name":"shutdown","decl":{"start":{"line":333,"column":15},"end":{"line":333,"column":23}},"loc":{"start":{"line":333,"column":32},"end":{"line":341,"column":1}},"line":333},"18":{"name":"(anonymous_18)","decl":{"start":{"line":336,"column":22},"end":{"line":336,"column":23}},"loc":{"start":{"line":336,"column":35},"end":{"line":336,"column":56}},"line":336},"19":{"name":"(anonymous_19)","decl":{"start":{"line":343,"column":22},"end":{"line":343,"column":23}},"loc":{"start":{"line":343,"column":28},"end":{"line":343,"column":47}},"line":343},"20":{"name":"(anonymous_20)","decl":{"start":{"line":344,"column":21},"end":{"line":344,"column":22}},"loc":{"start":{"line":344,"column":27},"end":{"line":344,"column":45}},"line":344}},"branchMap":{"0":{"loc":{"start":{"line":19,"column":13},"end":{"line":19,"column":37}},"type":"binary-expr","locations":[{"start":{"line":19,"column":13},"end":{"line":19,"column":29}},{"start":{"line":19,"column":33},"end":{"line":19,"column":37}}],"line":19},"1":{"loc":{"start":{"line":47,"column":2},"end":{"line":47,"column":67}},"type":"if","locations":[{"start":{"line":47,"column":2},"end":{"line":47,"column":67}},{"start":{},"end":{}}],"line":47},"2":{"loc":{"start":{"line":50,"column":2},"end":{"line":50,"column":61}},"type":"if","locations":[{"start":{"line":50,"column":2},"end":{"line":50,"column":61}},{"start":{},"end":{}}],"line":50},"3":{"loc":{"start":{"line":53,"column":2},"end":{"line":53,"column":79}},"type":"if","locations":[{"start":{"line":53,"column":2},"end":{"line":53,"column":79}},{"start":{},"end":{}}],"line":53},"4":{"loc":{"start":{"line":88,"column":2},"end":{"line":88,"column":67}},"type":"if","locations":[{"start":{"line":88,"column":2},"end":{"line":88,"column":67}},{"start":{},"end":{}}],"line":88},"5":{"loc":{"start":{"line":94,"column":2},"end":{"line":94,"column":79}},"type":"if","locations":[{"start":{"line":94,"column":2},"end":{"line":94,"column":79}},{"start":{},"end":{}}],"line":94},"6":{"loc":{"start":{"line":98,"column":2},"end":{"line":98,"column":63}},"type":"if","locations":[{"start":{"line":98,"column":2},"end":{"line":98,"column":63}},{"start":{},"end":{}}],"line":98},"7":{"loc":{"start":{"line":100,"column":2},"end":{"line":100,"column":83}},"type":"if","locations":[{"start":{"line":100,"column":2},"end":{"line":100,"column":83}},{"start":{},"end":{}}],"line":100},"8":{"loc":{"start":{"line":101,"column":2},"end":{"line":101,"column":117}},"type":"if","locations":[{"start":{"line":101,"column":2},"end":{"line":101,"column":117}},{"start":{},"end":{}}],"line":101},"9":{"loc":{"start":{"line":101,"column":66},"end":{"line":101,"column":108}},"type":"binary-expr","locations":[{"start":{"line":101,"column":66},"end":{"line":101,"column":87}},{"start":{"line":101,"column":91},"end":{"line":101,"column":108}}],"line":101},"10":{"loc":{"start":{"line":121,"column":2},"end":{"line":121,"column":57}},"type":"if","locations":[{"start":{"line":121,"column":2},"end":{"line":121,"column":57}},{"start":{},"end":{}}],"line":121},"11":{"loc":{"start":{"line":134,"column":2},"end":{"line":134,"column":73}},"type":"if","locations":[{"start":{"line":134,"column":2},"end":{"line":134,"column":73}},{"start":{},"end":{}}],"line":134},"12":{"loc":{"start":{"line":140,"column":2},"end":{"line":140,"column":72}},"type":"if","locations":[{"start":{"line":140,"column":2},"end":{"line":140,"column":72}},{"start":{},"end":{}}],"line":140},"13":{"loc":{"start":{"line":142,"column":2},"end":{"line":142,"column":103}},"type":"if","locations":[{"start":{"line":142,"column":2},"end":{"line":142,"column":103}},{"start":{},"end":{}}],"line":142},"14":{"loc":{"start":{"line":146,"column":2},"end":{"line":146,"column":68}},"type":"if","locations":[{"start":{"line":146,"column":2},"end":{"line":146,"column":68}},{"start":{},"end":{}}],"line":146},"15":{"loc":{"start":{"line":151,"column":2},"end":{"line":158,"column":3}},"type":"if","locations":[{"start":{"line":151,"column":2},"end":{"line":158,"column":3}},{"start":{},"end":{}}],"line":151},"16":{"loc":{"start":{"line":155,"column":14},"end":{"line":155,"column":30}},"type":"binary-expr","locations":[{"start":{"line":155,"column":14},"end":{"line":155,"column":24}},{"start":{"line":155,"column":28},"end":{"line":155,"column":30}}],"line":155},"17":{"loc":{"start":{"line":155,"column":32},"end":{"line":155,"column":49}},"type":"binary-expr","locations":[{"start":{"line":155,"column":32},"end":{"line":155,"column":43}},{"start":{"line":155,"column":47},"end":{"line":155,"column":49}}],"line":155},"18":{"loc":{"start":{"line":155,"column":51},"end":{"line":155,"column":66}},"type":"binary-expr","locations":[{"start":{"line":155,"column":51},"end":{"line":155,"column":58}},{"start":{"line":155,"column":62},"end":{"line":155,"column":66}}],"line":155},"19":{"loc":{"start":{"line":161,"column":2},"end":{"line":161,"column":111}},"type":"if","locations":[{"start":{"line":161,"column":2},"end":{"line":161,"column":111}},{"start":{},"end":{}}],"line":161},"20":{"loc":{"start":{"line":161,"column":66},"end":{"line":161,"column":102}},"type":"binary-expr","locations":[{"start":{"line":161,"column":66},"end":{"line":161,"column":87}},{"start":{"line":161,"column":91},"end":{"line":161,"column":102}}],"line":161},"21":{"loc":{"start":{"line":164,"column":56},"end":{"line":164,"column":75}},"type":"binary-expr","locations":[{"start":{"line":164,"column":56},"end":{"line":164,"column":65}},{"start":{"line":164,"column":69},"end":{"line":164,"column":75}}],"line":164},"22":{"loc":{"start":{"line":176,"column":2},"end":{"line":176,"column":71}},"type":"if","locations":[{"start":{"line":176,"column":2},"end":{"line":176,"column":71}},{"start":{},"end":{}}],"line":176},"23":{"loc":{"start":{"line":181,"column":4},"end":{"line":181,"column":54}},"type":"if","locations":[{"start":{"line":181,"column":4},"end":{"line":181,"column":54}},{"start":{},"end":{}}],"line":181},"24":{"loc":{"start":{"line":190,"column":2},"end":{"line":190,"column":87}},"type":"if","locations":[{"start":{"line":190,"column":2},"end":{"line":190,"column":87}},{"start":{},"end":{}}],"line":190},"25":{"loc":{"start":{"line":193,"column":2},"end":{"line":193,"column":63}},"type":"if","locations":[{"start":{"line":193,"column":2},"end":{"line":193,"column":63}},{"start":{},"end":{}}],"line":193},"26":{"loc":{"start":{"line":198,"column":2},"end":{"line":198,"column":67}},"type":"if","locations":[{"start":{"line":198,"column":2},"end":{"line":198,"column":67}},{"start":{},"end":{}}],"line":198},"27":{"loc":{"start":{"line":215,"column":2},"end":{"line":215,"column":79}},"type":"if","locations":[{"start":{"line":215,"column":2},"end":{"line":215,"column":79}},{"start":{},"end":{}}],"line":215},"28":{"loc":{"start":{"line":233,"column":2},"end":{"line":233,"column":67}},"type":"if","locations":[{"start":{"line":233,"column":2},"end":{"line":233,"column":67}},{"start":{},"end":{}}],"line":233},"29":{"loc":{"start":{"line":236,"column":2},"end":{"line":236,"column":114}},"type":"if","locations":[{"start":{"line":236,"column":2},"end":{"line":236,"column":114}},{"start":{},"end":{}}],"line":236},"30":{"loc":{"start":{"line":237,"column":2},"end":{"line":237,"column":87}},"type":"if","locations":[{"start":{"line":237,"column":2},"end":{"line":237,"column":87}},{"start":{},"end":{}}],"line":237},"31":{"loc":{"start":{"line":257,"column":2},"end":{"line":257,"column":67}},"type":"if","locations":[{"start":{"line":257,"column":2},"end":{"line":257,"column":67}},{"start":{},"end":{}}],"line":257},"32":{"loc":{"start":{"line":260,"column":2},"end":{"line":260,"column":107}},"type":"if","locations":[{"start":{"line":260,"column":2},"end":{"line":260,"column":107}},{"start":{},"end":{}}],"line":260},"33":{"loc":{"start":{"line":277,"column":2},"end":{"line":277,"column":82}},"type":"if","locations":[{"start":{"line":277,"column":2},"end":{"line":277,"column":82}},{"start":{},"end":{}}],"line":277},"34":{"loc":{"start":{"line":277,"column":6},"end":{"line":277,"column":25}},"type":"binary-expr","locations":[{"start":{"line":277,"column":6},"end":{"line":277,"column":12}},{"start":{"line":277,"column":16},"end":{"line":277,"column":25}}],"line":277},"35":{"loc":{"start":{"line":280,"column":2},"end":{"line":280,"column":61}},"type":"if","locations":[{"start":{"line":280,"column":2},"end":{"line":280,"column":61}},{"start":{},"end":{}}],"line":280},"36":{"loc":{"start":{"line":283,"column":2},"end":{"line":283,"column":73}},"type":"if","locations":[{"start":{"line":283,"column":2},"end":{"line":283,"column":73}},{"start":{},"end":{}}],"line":283},"37":{"loc":{"start":{"line":306,"column":15},"end":{"line":306,"column":47}},"type":"binary-expr","locations":[{"start":{"line":306,"column":15},"end":{"line":306,"column":26}},{"start":{"line":306,"column":30},"end":{"line":306,"column":47}}],"line":306},"38":{"loc":{"start":{"line":307,"column":17},"end":{"line":307,"column":34}},"type":"binary-expr","locations":[{"start":{"line":307,"column":17},"end":{"line":307,"column":27}},{"start":{"line":307,"column":31},"end":{"line":307,"column":34}}],"line":307},"39":{"loc":{"start":{"line":308,"column":35},"end":{"line":308,"column":88}},"type":"cond-expr","locations":[{"start":{"line":308,"column":51},"end":{"line":308,"column":74}},{"start":{"line":308,"column":77},"end":{"line":308,"column":88}}],"line":308},"40":{"loc":{"start":{"line":313,"column":4},"end":{"line":316,"column":5}},"type":"if","locations":[{"start":{"line":313,"column":4},"end":{"line":316,"column":5}},{"start":{},"end":{}}],"line":313},"41":{"loc":{"start":{"line":335,"column":2},"end":{"line":337,"column":3}},"type":"if","locations":[{"start":{"line":335,"column":2},"end":{"line":337,"column":3}},{"start":{},"end":{}}],"line":335},"42":{"loc":{"start":{"line":349,"column":0},"end":{"line":349,"column":40}},"type":"if","locations":[{"start":{"line":349,"column":0},"end":{"line":349,"column":40}},{"start":{},"end":{}}],"line":349}},"s":{"0":1,"1":1,"2":1,"3":1,"4":1,"5":1,"6":1,"7":1,"8":1,"9":1,"10":1,"11":1,"12":1,"13":1,"14":1,"15":1,"16":1,"17":1,"18":1,"19":1,"20":1,"21":1,"22":1,"23":1,"24":1,"25":1,"26":1,"27":1,"28":4,"29":4,"30":4,"31":1,"32":3,"33":3,"34":1,"35":2,"36":2,"37":1,"38":1,"39":1,"40":1,"41":1,"42":1,"43":1,"44":1,"45":1,"46":1,"47":1,"48":6,"49":6,"50":6,"51":1,"52":5,"53":5,"54":1,"55":4,"56":4,"57":4,"58":1,"59":3,"60":1,"61":2,"62":1,"63":1,"64":1,"65":1,"66":1,"67":1,"68":1,"69":1,"70":1,"71":3,"72":3,"73":1,"74":2,"75":2,"76":1,"77":2,"78":1,"79":6,"80":6,"81":1,"82":5,"83":5,"84":1,"85":4,"86":4,"87":1,"88":3,"89":3,"90":0,"91":3,"92":3,"93":1,"94":1,"95":3,"96":3,"97":1,"98":2,"99":2,"100":2,"101":1,"102":6,"103":6,"104":1,"105":5,"106":5,"107":4,"108":1,"109":2,"110":3,"111":3,"112":1,"113":2,"114":2,"115":1,"116":1,"117":1,"118":1,"119":0,"120":1,"121":1,"122":1,"123":1,"124":1,"125":1,"126":3,"127":3,"128":2,"129":1,"130":1,"131":1,"132":1,"133":1,"134":1,"135":4,"136":4,"137":4,"138":1,"139":3,"140":3,"141":1,"142":2,"143":1,"144":1,"145":1,"146":1,"147":1,"148":1,"149":1,"150":3,"151":3,"152":3,"153":1,"154":2,"155":2,"156":1,"157":1,"158":1,"159":1,"160":1,"161":5,"162":5,"163":1,"164":4,"165":4,"166":1,"167":3,"168":2,"169":1,"170":1,"171":1,"172":1,"173":1,"174":1,"175":1,"176":1,"177":1,"178":1,"179":1,"180":1,"181":1,"182":25,"183":25,"184":25,"185":3,"186":1,"187":1,"188":1,"189":3,"190":3,"191":3,"192":3,"193":0,"194":0,"195":0,"196":1,"197":1,"198":1,"199":1,"200":1,"201":1,"202":1,"203":1,"204":0,"205":1,"206":0,"207":1,"208":1,"209":1,"210":1,"211":0},"f":{"0":4,"1":6,"2":3,"3":6,"4":6,"5":3,"6":4,"7":3,"8":5,"9":1,"10":1,"11":25,"12":3,"13":1,"14":0,"15":3,"16":0,"17":1,"18":1,"19":0,"20":0},"b":{"0":[1,1],"1":[1,3],"2":[1,2],"3":[1,1],"4":[1,5],"5":[1,4],"6":[1,3],"7":[1,2],"8":[1,1],"9":[1,0],"10":[1,2],"11":[1,5],"12":[1,4],"13":[1,3],"14":[0,3],"15":[1,2],"16":[1,0],"17":[1,0],"18":[1,1],"19":[1,2],"20":[1,0],"21":[2,0],"22":[1,5],"23":[1,3],"24":[1,2],"25":[1,1],"26":[0,1],"27":[1,1],"28":[1,3],"29":[1,2],"30":[1,1],"31":[1,2],"32":[1,1],"33":[1,4],"34":[5,5],"35":[1,3],"36":[1,1],"37":[25,0],"38":[25,2],"39":[2,23],"40":[1,0],"41":[1,0],"42":[0,1]},"_coverageSchema":"1a1c01bbd47fc00a2c39e90264f33305004495a9","hash":"0f2933efb4853c8a4212f624dd43a7454e70c356"}
}
