TN:
SF:server.js
FN:43,(anonymous_0)
FN:84,(anonymous_1)
FN:119,(anonymous_2)
FN:132,(anonymous_3)
FN:174,(anonymous_4)
FN:212,(anonymous_5)
FN:230,(anonymous_6)
FN:254,(anonymous_7)
FN:275,(anonymous_8)
FN:294,(anonymous_9)
FN:300,(anonymous_10)
FN:305,(anonymous_11)
FN:311,setupEventHandlers
FN:312,(anonymous_13)
FN:315,(anonymous_14)
FN:320,init
FN:324,(anonymous_16)
FN:333,shutdown
FN:336,(anonymous_18)
FN:343,(anonymous_19)
FN:344,(anonymous_20)
FNF:21
FNH:17
FNDA:4,(anonymous_0)
FNDA:6,(anonymous_1)
FNDA:3,(anonymous_2)
FNDA:6,(anonymous_3)
FNDA:6,(anonymous_4)
FNDA:3,(anonymous_5)
FNDA:4,(anonymous_6)
FNDA:3,(anonymous_7)
FNDA:5,(anonymous_8)
FNDA:1,(anonymous_9)
FNDA:1,(anonymous_10)
FNDA:25,(anonymous_11)
FNDA:3,setupEventHandlers
FNDA:1,(anonymous_13)
FNDA:0,(anonymous_14)
FNDA:3,init
FNDA:0,(anonymous_16)
FNDA:1,shutdown
FNDA:1,(anonymous_18)
FNDA:0,(anonymous_19)
FNDA:0,(anonymous_20)
DA:1,1
DA:2,1
DA:3,1
DA:4,1
DA:5,1
DA:6,1
DA:7,1
DA:8,1
DA:9,1
DA:11,1
DA:12,1
DA:13,1
DA:14,1
DA:15,1
DA:16,1
DA:18,1
DA:19,1
DA:20,1
DA:21,1
DA:22,1
DA:25,1
DA:27,1
DA:28,1
DA:29,1
DA:30,1
DA:32,1
DA:40,1
DA:43,1
DA:44,4
DA:46,4
DA:47,4
DA:49,3
DA:50,3
DA:52,2
DA:53,2
DA:55,1
DA:57,1
DA:62,1
DA:63,1
DA:64,1
DA:66,1
DA:73,1
DA:79,1
DA:80,1
DA:84,1
DA:85,6
DA:87,6
DA:88,6
DA:90,5
DA:94,5
DA:96,4
DA:97,4
DA:98,4
DA:100,3
DA:101,2
DA:103,1
DA:104,1
DA:106,1
DA:107,1
DA:112,1
DA:114,1
DA:115,1
DA:119,1
DA:120,3
DA:121,3
DA:123,2
DA:124,2
DA:125,1
DA:128,2
DA:132,1
DA:133,6
DA:134,6
DA:137,5
DA:140,5
DA:141,4
DA:142,4
DA:144,3
DA:146,3
DA:149,3
DA:151,3
DA:153,1
DA:157,1
DA:160,3
DA:161,3
DA:164,2
DA:166,2
DA:167,2
DA:174,1
DA:175,6
DA:176,6
DA:179,5
DA:180,5
DA:181,4
DA:183,2
DA:186,3
DA:190,3
DA:192,2
DA:193,2
DA:195,1
DA:197,1
DA:198,1
DA:200,1
DA:201,1
DA:202,1
DA:203,1
DA:208,1
DA:212,1
DA:213,3
DA:214,3
DA:215,2
DA:217,1
DA:219,1
DA:225,1
DA:226,1
DA:230,1
DA:231,4
DA:232,4
DA:233,4
DA:235,3
DA:236,3
DA:237,2
DA:239,1
DA:240,1
DA:242,1
DA:249,1
DA:250,1
DA:254,1
DA:255,3
DA:256,3
DA:257,3
DA:259,2
DA:260,2
DA:262,1
DA:264,1
DA:271,1
DA:275,1
DA:276,5
DA:277,5
DA:279,4
DA:280,4
DA:282,3
DA:283,2
DA:285,1
DA:286,1
DA:287,1
DA:289,1
DA:290,1
DA:294,1
DA:295,1
DA:296,1
DA:300,1
DA:301,1
DA:302,1
DA:305,1
DA:306,25
DA:307,25
DA:308,25
DA:312,3
DA:313,1
DA:314,1
DA:315,1
DA:321,3
DA:322,3
DA:323,3
DA:324,3
DA:325,0
DA:328,0
DA:329,0
DA:334,1
DA:335,1
DA:336,1
DA:338,1
DA:339,1
DA:340,1
DA:343,1
DA:344,1
DA:346,1
DA:347,1
DA:348,1
DA:349,1
LF:180
LH:177
BRDA:19,0,0,1
BRDA:19,0,1,1
BRDA:47,1,0,1
BRDA:47,1,1,3
BRDA:50,2,0,1
BRDA:50,2,1,2
BRDA:53,3,0,1
BRDA:53,3,1,1
BRDA:88,4,0,1
BRDA:88,4,1,5
BRDA:94,5,0,1
BRDA:94,5,1,4
BRDA:98,6,0,1
BRDA:98,6,1,3
BRDA:100,7,0,1
BRDA:100,7,1,2
BRDA:101,8,0,1
BRDA:101,8,1,1
BRDA:101,9,0,1
BRDA:101,9,1,0
BRDA:121,10,0,1
BRDA:121,10,1,2
BRDA:134,11,0,1
BRDA:134,11,1,5
BRDA:140,12,0,1
BRDA:140,12,1,4
BRDA:142,13,0,1
BRDA:142,13,1,3
BRDA:146,14,0,0
BRDA:146,14,1,3
BRDA:151,15,0,1
BRDA:151,15,1,2
BRDA:155,16,0,1
BRDA:155,16,1,0
BRDA:155,17,0,1
BRDA:155,17,1,0
BRDA:155,18,0,1
BRDA:155,18,1,1
BRDA:161,19,0,1
BRDA:161,19,1,2
BRDA:161,20,0,1
BRDA:161,20,1,0
BRDA:164,21,0,2
BRDA:164,21,1,0
BRDA:176,22,0,1
BRDA:176,22,1,5
BRDA:181,23,0,1
BRDA:181,23,1,3
BRDA:190,24,0,1
BRDA:190,24,1,2
BRDA:193,25,0,1
BRDA:193,25,1,1
BRDA:198,26,0,0
BRDA:198,26,1,1
BRDA:215,27,0,1
BRDA:215,27,1,1
BRDA:233,28,0,1
BRDA:233,28,1,3
BRDA:236,29,0,1
BRDA:236,29,1,2
BRDA:237,30,0,1
BRDA:237,30,1,1
BRDA:257,31,0,1
BRDA:257,31,1,2
BRDA:260,32,0,1
BRDA:260,32,1,1
BRDA:277,33,0,1
BRDA:277,33,1,4
BRDA:277,34,0,5
BRDA:277,34,1,5
BRDA:280,35,0,1
BRDA:280,35,1,3
BRDA:283,36,0,1
BRDA:283,36,1,1
BRDA:306,37,0,25
BRDA:306,37,1,0
BRDA:307,38,0,25
BRDA:307,38,1,2
BRDA:308,39,0,2
BRDA:308,39,1,23
BRDA:313,40,0,1
BRDA:313,40,1,0
BRDA:335,41,0,1
BRDA:335,41,1,0
BRDA:349,42,0,0
BRDA:349,42,1,1
BRF:86
BRH:75
end_of_record
