<?xml version="1.0" encoding="UTF-8"?>
<coverage generated="1780644965154" clover="3.2.0">
  <project timestamp="1780644965155" name="All files">
    <metrics statements="133" coveredstatements="127" conditionals="64" coveredconditionals="55" methods="25" coveredmethods="19" elements="222" coveredelements="201" complexity="0" loc="133" ncloc="133" packages="1" files="1" classes="1"/>
    <file name="server.js" path="C:\Users\MATRIX TECHNOLOGY\Documents\smart campus market\campusmarket\backend\services\notification-service\server.js">
      <metrics statements="133" coveredstatements="127" conditionals="64" coveredconditionals="55" methods="25" coveredmethods="19"/>
      <line num="1" count="1" type="stmt"/>
      <line num="2" count="1" type="stmt"/>
      <line num="3" count="1" type="stmt"/>
      <line num="4" count="1" type="stmt"/>
      <line num="5" count="1" type="stmt"/>
      <line num="6" count="1" type="stmt"/>
      <line num="7" count="1" type="stmt"/>
      <line num="8" count="1" type="stmt"/>
      <line num="9" count="1" type="stmt"/>
      <line num="10" count="1" type="stmt"/>
      <line num="11" count="1" type="stmt"/>
      <line num="12" count="1" type="stmt"/>
      <line num="13" count="1" type="stmt"/>
      <line num="16" count="1" type="stmt"/>
      <line num="22" count="1" type="stmt"/>
      <line num="23" count="1" type="cond" truecount="2" falsecount="0"/>
      <line num="26" count="1" type="stmt"/>
      <line num="34" count="1" type="stmt"/>
      <line num="35" count="1" type="stmt"/>
      <line num="36" count="1" type="stmt"/>
      <line num="37" count="1" type="stmt"/>
      <line num="38" count="1" type="stmt"/>
      <line num="41" count="1" type="stmt"/>
      <line num="42" count="1" type="stmt"/>
      <line num="46" count="1" type="stmt"/>
      <line num="50" count="1" type="stmt"/>
      <line num="51" count="1" type="stmt"/>
      <line num="55" count="1" type="stmt"/>
      <line num="59" count="1" type="stmt"/>
      <line num="60" count="1" type="stmt"/>
      <line num="61" count="1" type="stmt"/>
      <line num="65" count="1" type="stmt"/>
      <line num="66" count="1" type="stmt"/>
      <line num="67" count="1" type="stmt"/>
      <line num="71" count="12" type="cond" truecount="2" falsecount="0"/>
      <line num="72" count="2" type="stmt"/>
      <line num="73" count="2" type="stmt"/>
      <line num="74" count="1" type="stmt"/>
      <line num="77" count="0" type="stmt"/>
      <line num="79" count="2" type="stmt"/>
      <line num="81" count="10" type="stmt"/>
      <line num="84" count="0" type="stmt"/>
      <line num="87" count="10" type="stmt"/>
      <line num="98" count="4" type="cond" truecount="1" falsecount="1"/>
      <line num="99" count="4" type="stmt"/>
      <line num="100" count="4" type="cond" truecount="2" falsecount="0"/>
      <line num="101" count="4" type="stmt"/>
      <line num="103" count="0" type="stmt"/>
      <line num="110" count="1" type="stmt"/>
      <line num="111" count="2" type="stmt"/>
      <line num="112" count="2" type="cond" truecount="5" falsecount="0"/>
      <line num="113" count="1" type="stmt"/>
      <line num="119" count="1" type="stmt"/>
      <line num="123" count="1" type="stmt"/>
      <line num="124" count="1" type="stmt"/>
      <line num="125" count="1" type="stmt"/>
      <line num="126" count="1" type="stmt"/>
      <line num="130" count="1" type="stmt"/>
      <line num="131" count="1" type="stmt"/>
      <line num="137" count="10" type="stmt"/>
      <line num="138" count="10" type="stmt"/>
      <line num="139" count="10" type="stmt"/>
      <line num="140" count="10" type="stmt"/>
      <line num="141" count="1" type="stmt"/>
      <line num="142" count="1" type="stmt"/>
      <line num="144" count="1" type="cond" truecount="3" falsecount="1"/>
      <line num="145" count="1" type="stmt"/>
      <line num="150" count="0" type="stmt"/>
      <line num="154" count="1" type="stmt"/>
      <line num="155" count="1" type="stmt"/>
      <line num="156" count="1" type="stmt"/>
      <line num="159" count="1" type="stmt"/>
      <line num="160" count="2" type="stmt"/>
      <line num="161" count="1" type="stmt"/>
      <line num="164" count="1" type="stmt"/>
      <line num="165" count="2" type="cond" truecount="1" falsecount="1"/>
      <line num="166" count="2" type="cond" truecount="2" falsecount="0"/>
      <line num="167" count="2" type="cond" truecount="2" falsecount="0"/>
      <line num="171" count="1" type="stmt"/>
      <line num="172" count="21" type="cond" truecount="12" falsecount="0"/>
      <line num="174" count="2" type="stmt"/>
      <line num="175" count="2" type="cond" truecount="2" falsecount="0"/>
      <line num="176" count="1" type="stmt"/>
      <line num="180" count="1" type="stmt"/>
      <line num="184" count="2" type="stmt"/>
      <line num="185" count="2" type="cond" truecount="2" falsecount="0"/>
      <line num="186" count="1" type="stmt"/>
      <line num="190" count="2" type="stmt"/>
      <line num="194" count="2" type="stmt"/>
      <line num="195" count="2" type="cond" truecount="2" falsecount="0"/>
      <line num="196" count="1" type="stmt"/>
      <line num="201" count="2" type="stmt"/>
      <line num="205" count="2" type="stmt"/>
      <line num="210" count="2" type="stmt"/>
      <line num="214" count="1" type="stmt"/>
      <line num="219" count="1" type="stmt"/>
      <line num="223" count="2" type="stmt"/>
      <line num="228" count="2" type="stmt"/>
      <line num="232" count="1" type="stmt"/>
      <line num="237" count="1" type="stmt"/>
      <line num="241" count="2" type="stmt"/>
      <line num="246" count="2" type="stmt"/>
      <line num="247" count="2" type="cond" truecount="2" falsecount="0"/>
      <line num="248" count="1" type="stmt"/>
      <line num="252" count="2" type="stmt"/>
      <line num="256" count="2" type="cond" truecount="2" falsecount="0"/>
      <line num="257" count="1" type="stmt"/>
      <line num="259" count="2" type="stmt"/>
      <line num="263" count="2" type="stmt"/>
      <line num="264" count="2" type="cond" truecount="2" falsecount="0"/>
      <line num="265" count="1" type="stmt"/>
      <line num="268" count="2" type="stmt"/>
      <line num="273" count="2" type="stmt"/>
      <line num="275" count="2" type="stmt"/>
      <line num="278" count="1" type="stmt"/>
      <line num="284" count="1" type="stmt"/>
      <line num="285" count="1" type="stmt"/>
      <line num="286" count="1" type="stmt"/>
      <line num="287" count="1" type="stmt"/>
      <line num="289" count="0" type="stmt"/>
      <line num="290" count="0" type="stmt"/>
      <line num="295" count="1" type="stmt"/>
      <line num="296" count="1" type="cond" truecount="1" falsecount="1"/>
      <line num="297" count="1" type="stmt"/>
      <line num="299" count="1" type="stmt"/>
      <line num="300" count="1" type="stmt"/>
      <line num="301" count="1" type="stmt"/>
      <line num="304" count="1" type="stmt"/>
      <line num="305" count="1" type="stmt"/>
      <line num="307" count="1" type="stmt"/>
      <line num="308" count="1" type="stmt"/>
      <line num="309" count="1" type="stmt"/>
      <line num="310" count="1" type="cond" truecount="1" falsecount="1"/>
    </file>
  </project>
</coverage>
