TN:
SF:server.js
FN:41,(anonymous_0)
FN:50,(anonymous_1)
FN:59,(anonymous_2)
FN:65,(anonymous_3)
FN:70,saveNotification
FN:77,(anonymous_5)
FN:84,(anonymous_6)
FN:97,sendEmail
FN:110,(anonymous_8)
FN:123,(anonymous_9)
FN:130,(anonymous_10)
FN:136,sendPushToUser
FN:142,(anonymous_12)
FN:145,(anonymous_13)
FN:154,(anonymous_14)
FN:159,(anonymous_15)
FN:164,(anonymous_16)
FN:170,setupEventHandlers
FN:171,(anonymous_18)
FN:283,init
FN:287,(anonymous_20)
FN:294,shutdown
FN:297,(anonymous_22)
FN:304,(anonymous_23)
FN:305,(anonymous_24)
FNF:25
FNH:19
FNDA:1,(anonymous_0)
FNDA:1,(anonymous_1)
FNDA:1,(anonymous_2)
FNDA:1,(anonymous_3)
FNDA:12,saveNotification
FNDA:0,(anonymous_5)
FNDA:0,(anonymous_6)
FNDA:4,sendEmail
FNDA:2,(anonymous_8)
FNDA:1,(anonymous_9)
FNDA:1,(anonymous_10)
FNDA:10,sendPushToUser
FNDA:1,(anonymous_12)
FNDA:0,(anonymous_13)
FNDA:1,(anonymous_14)
FNDA:2,(anonymous_15)
FNDA:2,(anonymous_16)
FNDA:1,setupEventHandlers
FNDA:21,(anonymous_18)
FNDA:1,init
FNDA:0,(anonymous_20)
FNDA:1,shutdown
FNDA:1,(anonymous_22)
FNDA:0,(anonymous_23)
FNDA:0,(anonymous_24)
DA:1,1
DA:2,1
DA:3,1
DA:4,1
DA:5,1
DA:6,1
DA:7,1
DA:8,1
DA:9,1
DA:10,1
DA:11,1
DA:12,1
DA:13,1
DA:16,1
DA:22,1
DA:23,1
DA:26,1
DA:34,1
DA:35,1
DA:36,1
DA:37,1
DA:38,1
DA:41,1
DA:42,1
DA:46,1
DA:50,1
DA:51,1
DA:55,1
DA:59,1
DA:60,1
DA:61,1
DA:65,1
DA:66,1
DA:67,1
DA:71,12
DA:72,2
DA:73,2
DA:74,1
DA:77,0
DA:79,2
DA:81,10
DA:84,0
DA:87,10
DA:98,4
DA:99,4
DA:100,4
DA:101,4
DA:103,0
DA:110,1
DA:111,2
DA:112,2
DA:113,1
DA:119,1
DA:123,1
DA:124,1
DA:125,1
DA:126,1
DA:130,1
DA:131,1
DA:137,10
DA:138,10
DA:139,10
DA:140,10
DA:141,1
DA:142,1
DA:144,1
DA:145,1
DA:150,0
DA:154,1
DA:155,1
DA:156,1
DA:159,1
DA:160,2
DA:161,1
DA:164,1
DA:165,2
DA:166,2
DA:167,2
DA:171,1
DA:172,21
DA:174,2
DA:175,2
DA:176,1
DA:180,1
DA:184,2
DA:185,2
DA:186,1
DA:190,2
DA:194,2
DA:195,2
DA:196,1
DA:201,2
DA:205,2
DA:210,2
DA:214,1
DA:219,1
DA:223,2
DA:228,2
DA:232,1
DA:237,1
DA:241,2
DA:246,2
DA:247,2
DA:248,1
DA:252,2
DA:256,2
DA:257,1
DA:259,2
DA:263,2
DA:264,2
DA:265,1
DA:268,2
DA:273,2
DA:275,2
DA:278,1
DA:284,1
DA:285,1
DA:286,1
DA:287,1
DA:289,0
DA:290,0
DA:295,1
DA:296,1
DA:297,1
DA:299,1
DA:300,1
DA:301,1
DA:304,1
DA:305,1
DA:307,1
DA:308,1
DA:309,1
DA:310,1
LF:133
LH:127
BRDA:17,0,0,1
BRDA:17,0,1,0
BRDA:23,1,0,1
BRDA:23,1,1,1
BRDA:28,2,0,1
BRDA:28,2,1,1
BRDA:70,3,0,0
BRDA:71,4,0,2
BRDA:71,4,1,10
BRDA:92,5,0,10
BRDA:92,5,1,2
BRDA:98,6,0,0
BRDA:98,6,1,4
BRDA:100,7,0,4
BRDA:100,7,1,4
BRDA:112,8,0,1
BRDA:112,8,1,1
BRDA:112,9,0,2
BRDA:112,9,1,2
BRDA:112,9,2,1
BRDA:144,10,0,1
BRDA:144,10,1,0
BRDA:144,11,0,1
BRDA:144,11,1,1
BRDA:165,12,0,2
BRDA:165,12,1,0
BRDA:166,13,0,2
BRDA:166,13,1,1
BRDA:167,14,0,1
BRDA:167,14,1,1
BRDA:172,15,0,2
BRDA:172,15,1,2
BRDA:172,15,2,2
BRDA:172,15,3,2
BRDA:172,15,4,1
BRDA:172,15,5,2
BRDA:172,15,6,1
BRDA:172,15,7,2
BRDA:172,15,8,2
BRDA:172,15,9,2
BRDA:172,15,10,2
BRDA:172,15,11,1
BRDA:175,16,0,1
BRDA:175,16,1,1
BRDA:177,17,0,1
BRDA:177,17,1,0
BRDA:185,18,0,1
BRDA:185,18,1,1
BRDA:195,19,0,1
BRDA:195,19,1,1
BRDA:197,20,0,1
BRDA:197,20,1,0
BRDA:225,21,0,1
BRDA:225,21,1,1
BRDA:247,22,0,1
BRDA:247,22,1,1
BRDA:256,23,0,1
BRDA:256,23,1,1
BRDA:264,24,0,1
BRDA:264,24,1,1
BRDA:296,25,0,1
BRDA:296,25,1,0
BRDA:310,26,0,0
BRDA:310,26,1,1
BRF:64
BRH:55
end_of_record
