{"C:\\Users\\MATRIX TECHNOLOGY\\Documents\\smart campus market\\campusmarket\\backend\\services\\admin-service\\server.js": {"path":"C:\\Users\\MATRIX TECHNOLOGY\\Documents\\smart campus market\\campusmarket\\backend\\services\\admin-service\\server.js","statementMap":{"0":{"start":{"line":1,"column":0},"end":{"line":1,"column":27}},"1":{"start":{"line":2,"column":16},"end":{"line":2,"column":34}},"2":{"start":{"line":3,"column":13},"end":{"line":3,"column":28}},"3":{"start":{"line":4,"column":15},"end":{"line":4,"column":32}},"4":{"start":{"line":5,"column":44},"end":{"line":5,"column":66}},"5":{"start":{"line":6,"column":13},"end":{"line":6,"column":39}},"6":{"start":{"line":7,"column":38},"end":{"line":7,"column":76}},"7":{"start":{"line":8,"column":41},"end":{"line":8,"column":73}},"8":{"start":{"line":9,"column":35},"end":{"line":9,"column":71}},"9":{"start":{"line":10,"column":15},"end":{"line":10,"column":45}},"10":{"start":{"line":11,"column":30},"end":{"line":11,"column":61}},"11":{"start":{"line":12,"column":96},"end":{"line":12,"column":126}},"12":{"start":{"line":14,"column":12},"end":{"line":14,"column":21}},"13":{"start":{"line":15,"column":13},"end":{"line":15,"column":37}},"14":{"start":{"line":18,"column":0},"end":{"line":18,"column":24}},"15":{"start":{"line":19,"column":0},"end":{"line":19,"column":18}},"16":{"start":{"line":20,"column":0},"end":{"line":20,"column":16}},"17":{"start":{"line":21,"column":0},"end":{"line":21,"column":24}},"18":{"start":{"line":22,"column":0},"end":{"line":22,"column":27}},"19":{"start":{"line":24,"column":26},"end":{"line":24,"column":62}},"20":{"start":{"line":27,"column":0},"end":{"line":46,"column":4}},"21":{"start":{"line":28,"column":94},"end":{"line":36,"column":4}},"22":{"start":{"line":37,"column":2},"end":{"line":45,"column":5}},"23":{"start":{"line":49,"column":0},"end":{"line":60,"column":4}},"24":{"start":{"line":50,"column":48},"end":{"line":54,"column":4}},"25":{"start":{"line":55,"column":2},"end":{"line":59,"column":5}},"26":{"start":{"line":63,"column":0},"end":{"line":73,"column":4}},"27":{"start":{"line":64,"column":32},"end":{"line":64,"column":41}},"28":{"start":{"line":65,"column":14},"end":{"line":65,"column":128}},"29":{"start":{"line":66,"column":17},"end":{"line":66,"column":19}},"30":{"start":{"line":67,"column":2},"end":{"line":67,"column":66}},"31":{"start":{"line":67,"column":30},"end":{"line":67,"column":64}},"32":{"start":{"line":68,"column":2},"end":{"line":68,"column":68}},"33":{"start":{"line":68,"column":31},"end":{"line":68,"column":66}},"34":{"start":{"line":69,"column":2},"end":{"line":69,"column":169}},"35":{"start":{"line":69,"column":16},"end":{"line":69,"column":43}},"36":{"start":{"line":69,"column":44},"end":{"line":69,"column":167}},"37":{"start":{"line":70,"column":2},"end":{"line":70,"column":49}},"38":{"start":{"line":71,"column":17},"end":{"line":71,"column":48}},"39":{"start":{"line":72,"column":2},"end":{"line":72,"column":24}},"40":{"start":{"line":76,"column":0},"end":{"line":85,"column":4}},"41":{"start":{"line":77,"column":21},"end":{"line":77,"column":29}},"42":{"start":{"line":78,"column":2},"end":{"line":78,"column":136}},"43":{"start":{"line":79,"column":2},"end":{"line":82,"column":5}},"44":{"start":{"line":83,"column":2},"end":{"line":83,"column":85}},"45":{"start":{"line":84,"column":2},"end":{"line":84,"column":42}},"46":{"start":{"line":88,"column":0},"end":{"line":91,"column":4}},"47":{"start":{"line":89,"column":2},"end":{"line":89,"column":110}},"48":{"start":{"line":90,"column":2},"end":{"line":90,"column":44}},"49":{"start":{"line":94,"column":0},"end":{"line":103,"column":4}},"50":{"start":{"line":95,"column":17},"end":{"line":101,"column":3}},"51":{"start":{"line":102,"column":2},"end":{"line":102,"column":24}},"52":{"start":{"line":106,"column":0},"end":{"line":131,"column":4}},"53":{"start":{"line":107,"column":29},"end":{"line":107,"column":37}},"54":{"start":{"line":108,"column":2},"end":{"line":108,"column":137}},"55":{"start":{"line":110,"column":2},"end":{"line":115,"column":3}},"56":{"start":{"line":111,"column":19},"end":{"line":111,"column":98}},"57":{"start":{"line":112,"column":4},"end":{"line":114,"column":5}},"58":{"start":{"line":113,"column":6},"end":{"line":113,"column":114}},"59":{"start":{"line":118,"column":17},"end":{"line":118,"column":96}},"60":{"start":{"line":119,"column":2},"end":{"line":128,"column":3}},"61":{"start":{"line":120,"column":18},"end":{"line":123,"column":5}},"62":{"start":{"line":124,"column":4},"end":{"line":127,"column":5}},"63":{"start":{"line":125,"column":6},"end":{"line":125,"column":114}},"64":{"start":{"line":126,"column":6},"end":{"line":126,"column":98}},"65":{"start":{"line":130,"column":2},"end":{"line":130,"column":43}},"66":{"start":{"line":134,"column":0},"end":{"line":143,"column":4}},"67":{"start":{"line":135,"column":17},"end":{"line":141,"column":3}},"68":{"start":{"line":142,"column":2},"end":{"line":142,"column":24}},"69":{"start":{"line":146,"column":0},"end":{"line":149,"column":4}},"70":{"start":{"line":147,"column":2},"end":{"line":147,"column":107}},"71":{"start":{"line":148,"column":2},"end":{"line":148,"column":47}},"72":{"start":{"line":152,"column":0},"end":{"line":176,"column":4}},"73":{"start":{"line":153,"column":46},"end":{"line":153,"column":54}},"74":{"start":{"line":154,"column":2},"end":{"line":154,"column":79}},"75":{"start":{"line":154,"column":33},"end":{"line":154,"column":79}},"76":{"start":{"line":156,"column":2},"end":{"line":159,"column":4}},"77":{"start":{"line":161,"column":2},"end":{"line":163,"column":5}},"78":{"start":{"line":166,"column":16},"end":{"line":169,"column":3}},"79":{"start":{"line":170,"column":2},"end":{"line":173,"column":3}},"80":{"start":{"line":171,"column":4},"end":{"line":171,"column":97}},"81":{"start":{"line":172,"column":4},"end":{"line":172,"column":81}},"82":{"start":{"line":175,"column":2},"end":{"line":175,"column":56}},"83":{"start":{"line":178,"column":0},"end":{"line":181,"column":4}},"84":{"start":{"line":179,"column":2},"end":{"line":179,"column":31}},"85":{"start":{"line":180,"column":2},"end":{"line":180,"column":92}},"86":{"start":{"line":183,"column":0},"end":{"line":186,"column":3}},"87":{"start":{"line":184,"column":2},"end":{"line":184,"column":48}},"88":{"start":{"line":185,"column":2},"end":{"line":185,"column":36}},"89":{"start":{"line":188,"column":0},"end":{"line":192,"column":3}},"90":{"start":{"line":189,"column":2},"end":{"line":189,"column":45}},"91":{"start":{"line":190,"column":17},"end":{"line":190,"column":34}},"92":{"start":{"line":191,"column":2},"end":{"line":191,"column":92}},"93":{"start":{"line":195,"column":2},"end":{"line":202,"column":5}},"94":{"start":{"line":196,"column":4},"end":{"line":201,"column":5}},"95":{"start":{"line":197,"column":6},"end":{"line":200,"column":85}},"96":{"start":{"line":200,"column":21},"end":{"line":200,"column":83}},"97":{"start":{"line":206,"column":2},"end":{"line":213,"column":3}},"98":{"start":{"line":207,"column":4},"end":{"line":207,"column":22}},"99":{"start":{"line":208,"column":4},"end":{"line":208,"column":31}},"100":{"start":{"line":209,"column":4},"end":{"line":209,"column":90}},"101":{"start":{"line":209,"column":36},"end":{"line":209,"column":88}},"102":{"start":{"line":211,"column":4},"end":{"line":211,"column":74}},"103":{"start":{"line":212,"column":4},"end":{"line":212,"column":20}},"104":{"start":{"line":217,"column":2},"end":{"line":217,"column":80}},"105":{"start":{"line":218,"column":2},"end":{"line":220,"column":3}},"106":{"start":{"line":219,"column":4},"end":{"line":219,"column":58}},"107":{"start":{"line":219,"column":35},"end":{"line":219,"column":56}},"108":{"start":{"line":221,"column":2},"end":{"line":221,"column":21}},"109":{"start":{"line":222,"column":2},"end":{"line":222,"column":19}},"110":{"start":{"line":223,"column":2},"end":{"line":223,"column":18}},"111":{"start":{"line":226,"column":0},"end":{"line":226,"column":49}},"112":{"start":{"line":226,"column":28},"end":{"line":226,"column":47}},"113":{"start":{"line":227,"column":0},"end":{"line":227,"column":47}},"114":{"start":{"line":227,"column":27},"end":{"line":227,"column":45}},"115":{"start":{"line":229,"column":0},"end":{"line":229,"column":21}},"116":{"start":{"line":230,"column":0},"end":{"line":230,"column":28}},"117":{"start":{"line":231,"column":0},"end":{"line":231,"column":36}},"118":{"start":{"line":232,"column":0},"end":{"line":232,"column":40}},"119":{"start":{"line":232,"column":31},"end":{"line":232,"column":38}}},"fnMap":{"0":{"name":"(anonymous_0)","decl":{"start":{"line":27,"column":60},"end":{"line":27,"column":61}},"loc":{"start":{"line":27,"column":80},"end":{"line":46,"column":1}},"line":27},"1":{"name":"(anonymous_1)","decl":{"start":{"line":49,"column":48},"end":{"line":49,"column":49}},"loc":{"start":{"line":49,"column":69},"end":{"line":60,"column":1}},"line":49},"2":{"name":"(anonymous_2)","decl":{"start":{"line":63,"column":60},"end":{"line":63,"column":61}},"loc":{"start":{"line":63,"column":80},"end":{"line":73,"column":1}},"line":63},"3":{"name":"(anonymous_3)","decl":{"start":{"line":76,"column":73},"end":{"line":76,"column":74}},"loc":{"start":{"line":76,"column":93},"end":{"line":85,"column":1}},"line":76},"4":{"name":"(anonymous_4)","decl":{"start":{"line":88,"column":75},"end":{"line":88,"column":76}},"loc":{"start":{"line":88,"column":95},"end":{"line":91,"column":1}},"line":88},"5":{"name":"(anonymous_5)","decl":{"start":{"line":94,"column":62},"end":{"line":94,"column":63}},"loc":{"start":{"line":94,"column":82},"end":{"line":103,"column":1}},"line":94},"6":{"name":"(anonymous_6)","decl":{"start":{"line":106,"column":68},"end":{"line":106,"column":69}},"loc":{"start":{"line":106,"column":88},"end":{"line":131,"column":1}},"line":106},"7":{"name":"(anonymous_7)","decl":{"start":{"line":134,"column":66},"end":{"line":134,"column":67}},"loc":{"start":{"line":134,"column":86},"end":{"line":143,"column":1}},"line":134},"8":{"name":"(anonymous_8)","decl":{"start":{"line":146,"column":80},"end":{"line":146,"column":81}},"loc":{"start":{"line":146,"column":100},"end":{"line":149,"column":1}},"line":146},"9":{"name":"(anonymous_9)","decl":{"start":{"line":152,"column":52},"end":{"line":152,"column":53}},"loc":{"start":{"line":152,"column":72},"end":{"line":176,"column":1}},"line":152},"10":{"name":"(anonymous_10)","decl":{"start":{"line":178,"column":32},"end":{"line":178,"column":33}},"loc":{"start":{"line":178,"column":53},"end":{"line":181,"column":1}},"line":178},"11":{"name":"(anonymous_11)","decl":{"start":{"line":183,"column":20},"end":{"line":183,"column":21}},"loc":{"start":{"line":183,"column":40},"end":{"line":186,"column":1}},"line":183},"12":{"name":"(anonymous_12)","decl":{"start":{"line":188,"column":8},"end":{"line":188,"column":9}},"loc":{"start":{"line":188,"column":34},"end":{"line":192,"column":1}},"line":188},"13":{"name":"setupEventHandlers","decl":{"start":{"line":194,"column":15},"end":{"line":194,"column":33}},"loc":{"start":{"line":194,"column":36},"end":{"line":203,"column":1}},"line":194},"14":{"name":"(anonymous_14)","decl":{"start":{"line":195,"column":48},"end":{"line":195,"column":49}},"loc":{"start":{"line":195,"column":65},"end":{"line":202,"column":3}},"line":195},"15":{"name":"(anonymous_15)","decl":{"start":{"line":200,"column":14},"end":{"line":200,"column":15}},"loc":{"start":{"line":200,"column":21},"end":{"line":200,"column":83}},"line":200},"16":{"name":"init","decl":{"start":{"line":205,"column":15},"end":{"line":205,"column":19}},"loc":{"start":{"line":205,"column":22},"end":{"line":214,"column":1}},"line":205},"17":{"name":"(anonymous_17)","decl":{"start":{"line":209,"column":30},"end":{"line":209,"column":31}},"loc":{"start":{"line":209,"column":36},"end":{"line":209,"column":88}},"line":209},"18":{"name":"shutdown","decl":{"start":{"line":216,"column":15},"end":{"line":216,"column":23}},"loc":{"start":{"line":216,"column":32},"end":{"line":224,"column":1}},"line":216},"19":{"name":"(anonymous_19)","decl":{"start":{"line":219,"column":22},"end":{"line":219,"column":23}},"loc":{"start":{"line":219,"column":35},"end":{"line":219,"column":56}},"line":219},"20":{"name":"(anonymous_20)","decl":{"start":{"line":226,"column":22},"end":{"line":226,"column":23}},"loc":{"start":{"line":226,"column":28},"end":{"line":226,"column":47}},"line":226},"21":{"name":"(anonymous_21)","decl":{"start":{"line":227,"column":21},"end":{"line":227,"column":22}},"loc":{"start":{"line":227,"column":27},"end":{"line":227,"column":45}},"line":227}},"branchMap":{"0":{"loc":{"start":{"line":15,"column":13},"end":{"line":15,"column":37}},"type":"binary-expr","locations":[{"start":{"line":15,"column":13},"end":{"line":15,"column":29}},{"start":{"line":15,"column":33},"end":{"line":15,"column":37}}],"line":15},"1":{"loc":{"start":{"line":67,"column":2},"end":{"line":67,"column":66}},"type":"if","locations":[{"start":{"line":67,"column":2},"end":{"line":67,"column":66}},{"start":{},"end":{}}],"line":67},"2":{"loc":{"start":{"line":68,"column":2},"end":{"line":68,"column":68}},"type":"if","locations":[{"start":{"line":68,"column":2},"end":{"line":68,"column":68}},{"start":{},"end":{}}],"line":68},"3":{"loc":{"start":{"line":69,"column":2},"end":{"line":69,"column":169}},"type":"if","locations":[{"start":{"line":69,"column":2},"end":{"line":69,"column":169}},{"start":{},"end":{}}],"line":69},"4":{"loc":{"start":{"line":110,"column":2},"end":{"line":115,"column":3}},"type":"if","locations":[{"start":{"line":110,"column":2},"end":{"line":115,"column":3}},{"start":{},"end":{}}],"line":110},"5":{"loc":{"start":{"line":112,"column":4},"end":{"line":114,"column":5}},"type":"if","locations":[{"start":{"line":112,"column":4},"end":{"line":114,"column":5}},{"start":{},"end":{}}],"line":112},"6":{"loc":{"start":{"line":119,"column":2},"end":{"line":128,"column":3}},"type":"if","locations":[{"start":{"line":119,"column":2},"end":{"line":128,"column":3}},{"start":{},"end":{}}],"line":119},"7":{"loc":{"start":{"line":124,"column":4},"end":{"line":127,"column":5}},"type":"if","locations":[{"start":{"line":124,"column":4},"end":{"line":127,"column":5}},{"start":{},"end":{}}],"line":124},"8":{"loc":{"start":{"line":154,"column":2},"end":{"line":154,"column":79}},"type":"if","locations":[{"start":{"line":154,"column":2},"end":{"line":154,"column":79}},{"start":{},"end":{}}],"line":154},"9":{"loc":{"start":{"line":170,"column":2},"end":{"line":173,"column":3}},"type":"if","locations":[{"start":{"line":170,"column":2},"end":{"line":173,"column":3}},{"start":{},"end":{}}],"line":170},"10":{"loc":{"start":{"line":189,"column":15},"end":{"line":189,"column":43}},"type":"binary-expr","locations":[{"start":{"line":189,"column":15},"end":{"line":189,"column":26}},{"start":{"line":189,"column":30},"end":{"line":189,"column":43}}],"line":189},"11":{"loc":{"start":{"line":190,"column":17},"end":{"line":190,"column":34}},"type":"binary-expr","locations":[{"start":{"line":190,"column":17},"end":{"line":190,"column":27}},{"start":{"line":190,"column":31},"end":{"line":190,"column":34}}],"line":190},"12":{"loc":{"start":{"line":191,"column":35},"end":{"line":191,"column":88}},"type":"cond-expr","locations":[{"start":{"line":191,"column":51},"end":{"line":191,"column":74}},{"start":{"line":191,"column":77},"end":{"line":191,"column":88}}],"line":191},"13":{"loc":{"start":{"line":196,"column":4},"end":{"line":201,"column":5}},"type":"if","locations":[{"start":{"line":196,"column":4},"end":{"line":201,"column":5}},{"start":{},"end":{}}],"line":196},"14":{"loc":{"start":{"line":196,"column":8},"end":{"line":196,"column":94}},"type":"binary-expr","locations":[{"start":{"line":196,"column":8},"end":{"line":196,"column":49}},{"start":{"line":196,"column":53},"end":{"line":196,"column":94}}],"line":196},"15":{"loc":{"start":{"line":218,"column":2},"end":{"line":220,"column":3}},"type":"if","locations":[{"start":{"line":218,"column":2},"end":{"line":220,"column":3}},{"start":{},"end":{}}],"line":218},"16":{"loc":{"start":{"line":232,"column":0},"end":{"line":232,"column":40}},"type":"if","locations":[{"start":{"line":232,"column":0},"end":{"line":232,"column":40}},{"start":{},"end":{}}],"line":232}},"s":{"0":1,"1":1,"2":1,"3":1,"4":1,"5":1,"6":1,"7":1,"8":1,"9":1,"10":1,"11":1,"12":1,"13":1,"14":1,"15":1,"16":1,"17":1,"18":1,"19":1,"20":1,"21":1,"22":1,"23":1,"24":1,"25":1,"26":1,"27":4,"28":4,"29":4,"30":4,"31":1,"32":4,"33":1,"34":4,"35":1,"36":1,"37":4,"38":4,"39":4,"40":1,"41":1,"42":1,"43":1,"44":1,"45":1,"46":1,"47":1,"48":1,"49":1,"50":1,"51":1,"52":1,"53":3,"54":3,"55":3,"56":1,"57":1,"58":1,"59":3,"60":3,"61":3,"62":3,"63":1,"64":1,"65":3,"66":1,"67":1,"68":1,"69":1,"70":1,"71":1,"72":1,"73":2,"74":2,"75":0,"76":2,"77":2,"78":2,"79":2,"80":1,"81":1,"82":2,"83":1,"84":2,"85":1,"86":1,"87":1,"88":1,"89":1,"90":1,"91":1,"92":1,"93":2,"94":0,"95":0,"96":0,"97":2,"98":2,"99":2,"100":2,"101":0,"102":0,"103":0,"104":1,"105":1,"106":1,"107":1,"108":1,"109":1,"110":1,"111":1,"112":0,"113":1,"114":0,"115":1,"116":1,"117":1,"118":1,"119":0},"f":{"0":1,"1":1,"2":4,"3":1,"4":1,"5":1,"6":3,"7":1,"8":1,"9":2,"10":2,"11":1,"12":1,"13":2,"14":0,"15":0,"16":2,"17":0,"18":1,"19":1,"20":0,"21":0},"b":{"0":[1,1],"1":[1,3],"2":[1,3],"3":[1,3],"4":[1,2],"5":[1,0],"6":[3,0],"7":[1,2],"8":[0,2],"9":[1,1],"10":[1,0],"11":[1,1],"12":[1,0],"13":[0,0],"14":[0,0],"15":[1,0],"16":[0,1]},"_coverageSchema":"1a1c01bbd47fc00a2c39e90264f33305004495a9","hash":"037fcd8db75f49eb1ac208e1ad40eca0cb0b52b2"}
}
