TN:
SF:server.js
FN:27,(anonymous_0)
FN:49,(anonymous_1)
FN:63,(anonymous_2)
FN:76,(anonymous_3)
FN:88,(anonymous_4)
FN:94,(anonymous_5)
FN:106,(anonymous_6)
FN:134,(anonymous_7)
FN:146,(anonymous_8)
FN:152,(anonymous_9)
FN:178,(anonymous_10)
FN:183,(anonymous_11)
FN:188,(anonymous_12)
FN:194,setupEventHandlers
FN:195,(anonymous_14)
FN:200,(anonymous_15)
FN:205,init
FN:209,(anonymous_17)
FN:216,shutdown
FN:219,(anonymous_19)
FN:226,(anonymous_20)
FN:227,(anonymous_21)
FNF:22
FNH:17
FNDA:1,(anonymous_0)
FNDA:1,(anonymous_1)
FNDA:4,(anonymous_2)
FNDA:1,(anonymous_3)
FNDA:1,(anonymous_4)
FNDA:1,(anonymous_5)
FNDA:3,(anonymous_6)
FNDA:1,(anonymous_7)
FNDA:1,(anonymous_8)
FNDA:2,(anonymous_9)
FNDA:2,(anonymous_10)
FNDA:1,(anonymous_11)
FNDA:1,(anonymous_12)
FNDA:2,setupEventHandlers
FNDA:0,(anonymous_14)
FNDA:0,(anonymous_15)
FNDA:2,init
FNDA:0,(anonymous_17)
FNDA:1,shutdown
FNDA:1,(anonymous_19)
FNDA:0,(anonymous_20)
FNDA:0,(anonymous_21)
DA:1,1
DA:2,1
DA:3,1
DA:4,1
DA:5,1
DA:6,1
DA:7,1
DA:8,1
DA:9,1
DA:10,1
DA:11,1
DA:12,1
DA:14,1
DA:15,1
DA:18,1
DA:19,1
DA:20,1
DA:21,1
DA:22,1
DA:24,1
DA:27,1
DA:28,1
DA:37,1
DA:49,1
DA:50,1
DA:55,1
DA:63,1
DA:64,4
DA:65,4
DA:66,4
DA:67,4
DA:68,4
DA:69,4
DA:70,4
DA:71,4
DA:72,4
DA:76,1
DA:77,1
DA:78,1
DA:79,1
DA:83,1
DA:84,1
DA:88,1
DA:89,1
DA:90,1
DA:94,1
DA:95,1
DA:102,1
DA:106,1
DA:107,3
DA:108,3
DA:110,3
DA:111,1
DA:112,1
DA:113,1
DA:118,3
DA:119,3
DA:120,3
DA:124,3
DA:125,1
DA:126,1
DA:130,3
DA:134,1
DA:135,1
DA:142,1
DA:146,1
DA:147,1
DA:148,1
DA:152,1
DA:153,2
DA:154,2
DA:156,2
DA:161,2
DA:166,2
DA:170,2
DA:171,1
DA:172,1
DA:175,2
DA:178,1
DA:179,2
DA:180,1
DA:183,1
DA:184,1
DA:185,1
DA:188,1
DA:189,1
DA:190,1
DA:191,1
DA:195,2
DA:196,0
DA:197,0
DA:200,0
DA:206,2
DA:207,2
DA:208,2
DA:209,2
DA:211,0
DA:212,0
DA:217,1
DA:218,1
DA:219,1
DA:221,1
DA:222,1
DA:223,1
DA:226,1
DA:227,1
DA:229,1
DA:230,1
DA:231,1
DA:232,1
LF:110
LH:105
BRDA:15,0,0,1
BRDA:15,0,1,1
BRDA:67,1,0,1
BRDA:67,1,1,3
BRDA:68,2,0,1
BRDA:68,2,1,3
BRDA:69,3,0,1
BRDA:69,3,1,3
BRDA:110,4,0,1
BRDA:110,4,1,2
BRDA:112,5,0,1
BRDA:112,5,1,0
BRDA:119,6,0,3
BRDA:119,6,1,0
BRDA:124,7,0,1
BRDA:124,7,1,2
BRDA:154,8,0,0
BRDA:154,8,1,2
BRDA:170,9,0,1
BRDA:170,9,1,1
BRDA:189,10,0,1
BRDA:189,10,1,0
BRDA:190,11,0,1
BRDA:190,11,1,1
BRDA:191,12,0,1
BRDA:191,12,1,0
BRDA:196,13,0,0
BRDA:196,13,1,0
BRDA:196,14,0,0
BRDA:196,14,1,0
BRDA:218,15,0,1
BRDA:218,15,1,0
BRDA:232,16,0,0
BRDA:232,16,1,1
BRF:34
BRH:23
end_of_record
