{"C:\\Users\\MATRIX TECHNOLOGY\\Documents\\smart campus market\\campusmarket\\backend\\services\\listing-service\\server.js": {"path":"C:\\Users\\MATRIX TECHNOLOGY\\Documents\\smart campus market\\campusmarket\\backend\\services\\listing-service\\server.js","statementMap":{"0":{"start":{"line":1,"column":0},"end":{"line":1,"column":27}},"1":{"start":{"line":2,"column":16},"end":{"line":2,"column":34}},"2":{"start":{"line":3,"column":12},"end":{"line":3,"column":35}},"3":{"start":{"line":4,"column":13},"end":{"line":4,"column":28}},"4":{"start":{"line":5,"column":15},"end":{"line":5,"column":32}},"5":{"start":{"line":6,"column":15},"end":{"line":6,"column":32}},"6":{"start":{"line":7,"column":44},"end":{"line":7,"column":66}},"7":{"start":{"line":8,"column":13},"end":{"line":8,"column":39}},"8":{"start":{"line":9,"column":25},"end":{"line":9,"column":63}},"9":{"start":{"line":10,"column":58},"end":{"line":10,"column":90}},"10":{"start":{"line":11,"column":35},"end":{"line":11,"column":71}},"11":{"start":{"line":12,"column":15},"end":{"line":12,"column":45}},"12":{"start":{"line":13,"column":30},"end":{"line":13,"column":61}},"13":{"start":{"line":14,"column":112},"end":{"line":14,"column":142}},"14":{"start":{"line":16,"column":12},"end":{"line":16,"column":21}},"15":{"start":{"line":17,"column":13},"end":{"line":17,"column":37}},"16":{"start":{"line":22,"column":0},"end":{"line":22,"column":24}},"17":{"start":{"line":23,"column":0},"end":{"line":23,"column":18}},"18":{"start":{"line":24,"column":0},"end":{"line":24,"column":16}},"19":{"start":{"line":25,"column":0},"end":{"line":25,"column":41}},"20":{"start":{"line":26,"column":0},"end":{"line":26,"column":27}},"21":{"start":{"line":28,"column":15},"end":{"line":28,"column":97}},"22":{"start":{"line":32,"column":14},"end":{"line":32,"column":47}},"23":{"start":{"line":33,"column":17},"end":{"line":33,"column":37}},"24":{"start":{"line":34,"column":2},"end":{"line":37,"column":3}},"25":{"start":{"line":35,"column":4},"end":{"line":35,"column":83}},"26":{"start":{"line":36,"column":4},"end":{"line":36,"column":44}},"27":{"start":{"line":41,"column":0},"end":{"line":73,"column":4}},"28":{"start":{"line":42,"column":97},"end":{"line":42,"column":106}},"29":{"start":{"line":43,"column":14},"end":{"line":43,"column":228}},"30":{"start":{"line":44,"column":17},"end":{"line":44,"column":27}},"31":{"start":{"line":45,"column":12},"end":{"line":45,"column":13}},"32":{"start":{"line":46,"column":18},"end":{"line":46,"column":54}},"33":{"start":{"line":47,"column":19},"end":{"line":47,"column":72}},"34":{"start":{"line":49,"column":2},"end":{"line":60,"column":3}},"35":{"start":{"line":50,"column":18},"end":{"line":50,"column":58}},"36":{"start":{"line":51,"column":4},"end":{"line":51,"column":56}},"37":{"start":{"line":51,"column":16},"end":{"line":51,"column":56}},"38":{"start":{"line":53,"column":4},"end":{"line":57,"column":5}},"39":{"start":{"line":54,"column":6},"end":{"line":54,"column":64}},"40":{"start":{"line":56,"column":6},"end":{"line":56,"column":47}},"41":{"start":{"line":58,"column":4},"end":{"line":58,"column":114}},"42":{"start":{"line":59,"column":4},"end":{"line":59,"column":23}},"43":{"start":{"line":62,"column":2},"end":{"line":62,"column":80}},"44":{"start":{"line":62,"column":18},"end":{"line":62,"column":55}},"45":{"start":{"line":62,"column":56},"end":{"line":62,"column":78}},"46":{"start":{"line":63,"column":2},"end":{"line":63,"column":89}},"47":{"start":{"line":63,"column":21},"end":{"line":63,"column":61}},"48":{"start":{"line":63,"column":62},"end":{"line":63,"column":87}},"49":{"start":{"line":64,"column":2},"end":{"line":64,"column":85}},"50":{"start":{"line":64,"column":19},"end":{"line":64,"column":59}},"51":{"start":{"line":64,"column":60},"end":{"line":64,"column":83}},"52":{"start":{"line":65,"column":2},"end":{"line":65,"column":85}},"53":{"start":{"line":65,"column":19},"end":{"line":65,"column":59}},"54":{"start":{"line":65,"column":60},"end":{"line":65,"column":83}},"55":{"start":{"line":66,"column":2},"end":{"line":66,"column":83}},"56":{"start":{"line":66,"column":19},"end":{"line":66,"column":57}},"57":{"start":{"line":66,"column":58},"end":{"line":66,"column":81}},"58":{"start":{"line":68,"column":2},"end":{"line":68,"column":86}},"59":{"start":{"line":69,"column":2},"end":{"line":69,"column":50}},"60":{"start":{"line":71,"column":17},"end":{"line":71,"column":48}},"61":{"start":{"line":72,"column":2},"end":{"line":72,"column":24}},"62":{"start":{"line":76,"column":0},"end":{"line":92,"column":4}},"63":{"start":{"line":77,"column":13},"end":{"line":77,"column":26}},"64":{"start":{"line":78,"column":2},"end":{"line":78,"column":71}},"65":{"start":{"line":78,"column":25},"end":{"line":78,"column":71}},"66":{"start":{"line":80,"column":17},"end":{"line":85,"column":3}},"67":{"start":{"line":86,"column":2},"end":{"line":86,"column":72}},"68":{"start":{"line":86,"column":27},"end":{"line":86,"column":72}},"69":{"start":{"line":88,"column":19},"end":{"line":88,"column":53}},"70":{"start":{"line":89,"column":2},"end":{"line":89,"column":33}},"71":{"start":{"line":91,"column":2},"end":{"line":91,"column":27}},"72":{"start":{"line":95,"column":0},"end":{"line":126,"column":4}},"73":{"start":{"line":96,"column":93},"end":{"line":96,"column":101}},"74":{"start":{"line":97,"column":12},"end":{"line":97,"column":103}},"75":{"start":{"line":98,"column":2},"end":{"line":98,"column":61}},"76":{"start":{"line":98,"column":16},"end":{"line":98,"column":61}},"77":{"start":{"line":100,"column":17},"end":{"line":105,"column":3}},"78":{"start":{"line":106,"column":20},"end":{"line":106,"column":37}},"79":{"start":{"line":109,"column":2},"end":{"line":116,"column":3}},"80":{"start":{"line":110,"column":4},"end":{"line":115,"column":5}},"81":{"start":{"line":110,"column":17},"end":{"line":110,"column":18}},"82":{"start":{"line":111,"column":6},"end":{"line":114,"column":8}},"83":{"start":{"line":118,"column":2},"end":{"line":122,"column":5}},"84":{"start":{"line":124,"column":2},"end":{"line":124,"column":75}},"85":{"start":{"line":125,"column":2},"end":{"line":125,"column":66}},"86":{"start":{"line":129,"column":0},"end":{"line":137,"column":4}},"87":{"start":{"line":130,"column":20},"end":{"line":130,"column":33}},"88":{"start":{"line":131,"column":18},"end":{"line":131,"column":93}},"89":{"start":{"line":132,"column":2},"end":{"line":132,"column":114}},"90":{"start":{"line":132,"column":77},"end":{"line":132,"column":114}},"91":{"start":{"line":135,"column":19},"end":{"line":135,"column":111}},"92":{"start":{"line":135,"column":56},"end":{"line":135,"column":104}},"93":{"start":{"line":136,"column":2},"end":{"line":136,"column":67}},"94":{"start":{"line":140,"column":0},"end":{"line":159,"column":4}},"95":{"start":{"line":141,"column":83},"end":{"line":141,"column":91}},"96":{"start":{"line":142,"column":18},"end":{"line":142,"column":105}},"97":{"start":{"line":143,"column":2},"end":{"line":143,"column":114}},"98":{"start":{"line":143,"column":77},"end":{"line":143,"column":114}},"99":{"start":{"line":145,"column":2},"end":{"line":148,"column":4}},"100":{"start":{"line":150,"column":2},"end":{"line":155,"column":3}},"101":{"start":{"line":151,"column":4},"end":{"line":151,"column":88}},"102":{"start":{"line":152,"column":4},"end":{"line":154,"column":5}},"103":{"start":{"line":152,"column":17},"end":{"line":152,"column":18}},"104":{"start":{"line":153,"column":6},"end":{"line":153,"column":138}},"105":{"start":{"line":157,"column":2},"end":{"line":157,"column":110}},"106":{"start":{"line":158,"column":2},"end":{"line":158,"column":43}},"107":{"start":{"line":162,"column":0},"end":{"line":178,"column":4}},"108":{"start":{"line":163,"column":36},"end":{"line":163,"column":44}},"109":{"start":{"line":164,"column":18},"end":{"line":164,"column":140}},"110":{"start":{"line":165,"column":2},"end":{"line":165,"column":114}},"111":{"start":{"line":165,"column":77},"end":{"line":165,"column":114}},"112":{"start":{"line":167,"column":2},"end":{"line":167,"column":103}},"113":{"start":{"line":169,"column":2},"end":{"line":174,"column":3}},"114":{"start":{"line":170,"column":4},"end":{"line":173,"column":6}},"115":{"start":{"line":176,"column":2},"end":{"line":176,"column":134}},"116":{"start":{"line":177,"column":2},"end":{"line":177,"column":50}},"117":{"start":{"line":181,"column":0},"end":{"line":186,"column":4}},"118":{"start":{"line":182,"column":18},"end":{"line":182,"column":97}},"119":{"start":{"line":183,"column":2},"end":{"line":183,"column":114}},"120":{"start":{"line":183,"column":77},"end":{"line":183,"column":114}},"121":{"start":{"line":184,"column":2},"end":{"line":184,"column":88}},"122":{"start":{"line":185,"column":2},"end":{"line":185,"column":43}},"123":{"start":{"line":189,"column":0},"end":{"line":212,"column":4}},"124":{"start":{"line":190,"column":27},"end":{"line":190,"column":35}},"125":{"start":{"line":191,"column":18},"end":{"line":191,"column":124}},"126":{"start":{"line":192,"column":2},"end":{"line":192,"column":73}},"127":{"start":{"line":192,"column":28},"end":{"line":192,"column":73}},"128":{"start":{"line":193,"column":2},"end":{"line":193,"column":92}},"129":{"start":{"line":193,"column":43},"end":{"line":193,"column":92}},"130":{"start":{"line":194,"column":2},"end":{"line":194,"column":108}},"131":{"start":{"line":194,"column":53},"end":{"line":194,"column":108}},"132":{"start":{"line":196,"column":17},"end":{"line":199,"column":3}},"133":{"start":{"line":201,"column":2},"end":{"line":209,"column":5}},"134":{"start":{"line":211,"column":2},"end":{"line":211,"column":78}},"135":{"start":{"line":215,"column":0},"end":{"line":223,"column":4}},"136":{"start":{"line":216,"column":17},"end":{"line":221,"column":3}},"137":{"start":{"line":222,"column":2},"end":{"line":222,"column":24}},"138":{"start":{"line":225,"column":0},"end":{"line":228,"column":4}},"139":{"start":{"line":226,"column":2},"end":{"line":226,"column":31}},"140":{"start":{"line":227,"column":2},"end":{"line":227,"column":94}},"141":{"start":{"line":231,"column":0},"end":{"line":234,"column":3}},"142":{"start":{"line":232,"column":2},"end":{"line":232,"column":48}},"143":{"start":{"line":233,"column":2},"end":{"line":233,"column":36}},"144":{"start":{"line":236,"column":0},"end":{"line":240,"column":3}},"145":{"start":{"line":237,"column":2},"end":{"line":237,"column":49}},"146":{"start":{"line":238,"column":17},"end":{"line":238,"column":34}},"147":{"start":{"line":239,"column":2},"end":{"line":239,"column":92}},"148":{"start":{"line":243,"column":2},"end":{"line":247,"column":5}},"149":{"start":{"line":244,"column":4},"end":{"line":246,"column":5}},"150":{"start":{"line":245,"column":6},"end":{"line":245,"column":104}},"151":{"start":{"line":251,"column":23},"end":{"line":260,"column":11}},"152":{"start":{"line":252,"column":2},"end":{"line":259,"column":3}},"153":{"start":{"line":253,"column":19},"end":{"line":253,"column":133}},"154":{"start":{"line":254,"column":4},"end":{"line":256,"column":5}},"155":{"start":{"line":255,"column":6},"end":{"line":255,"column":107}},"156":{"start":{"line":258,"column":4},"end":{"line":258,"column":63}},"157":{"start":{"line":263,"column":2},"end":{"line":271,"column":3}},"158":{"start":{"line":264,"column":4},"end":{"line":264,"column":22}},"159":{"start":{"line":265,"column":4},"end":{"line":265,"column":29}},"160":{"start":{"line":266,"column":4},"end":{"line":266,"column":31}},"161":{"start":{"line":267,"column":4},"end":{"line":267,"column":92}},"162":{"start":{"line":267,"column":36},"end":{"line":267,"column":90}},"163":{"start":{"line":269,"column":4},"end":{"line":269,"column":76}},"164":{"start":{"line":270,"column":4},"end":{"line":270,"column":20}},"165":{"start":{"line":275,"column":2},"end":{"line":275,"column":82}},"166":{"start":{"line":276,"column":2},"end":{"line":276,"column":32}},"167":{"start":{"line":277,"column":2},"end":{"line":279,"column":3}},"168":{"start":{"line":278,"column":4},"end":{"line":278,"column":58}},"169":{"start":{"line":278,"column":35},"end":{"line":278,"column":56}},"170":{"start":{"line":280,"column":2},"end":{"line":280,"column":21}},"171":{"start":{"line":281,"column":2},"end":{"line":281,"column":19}},"172":{"start":{"line":282,"column":2},"end":{"line":282,"column":18}},"173":{"start":{"line":285,"column":0},"end":{"line":285,"column":49}},"174":{"start":{"line":285,"column":28},"end":{"line":285,"column":47}},"175":{"start":{"line":286,"column":0},"end":{"line":286,"column":47}},"176":{"start":{"line":286,"column":27},"end":{"line":286,"column":45}},"177":{"start":{"line":288,"column":0},"end":{"line":288,"column":21}},"178":{"start":{"line":289,"column":0},"end":{"line":289,"column":28}},"179":{"start":{"line":290,"column":0},"end":{"line":290,"column":36}},"180":{"start":{"line":291,"column":0},"end":{"line":291,"column":40}},"181":{"start":{"line":291,"column":31},"end":{"line":291,"column":38}}},"fnMap":{"0":{"name":"recordView","decl":{"start":{"line":31,"column":15},"end":{"line":31,"column":25}},"loc":{"start":{"line":31,"column":49},"end":{"line":38,"column":1}},"line":31},"1":{"name":"(anonymous_1)","decl":{"start":{"line":41,"column":38},"end":{"line":41,"column":39}},"loc":{"start":{"line":41,"column":58},"end":{"line":73,"column":1}},"line":41},"2":{"name":"(anonymous_2)","decl":{"start":{"line":76,"column":42},"end":{"line":76,"column":43}},"loc":{"start":{"line":76,"column":62},"end":{"line":92,"column":1}},"line":76},"3":{"name":"(anonymous_3)","decl":{"start":{"line":95,"column":53},"end":{"line":95,"column":54}},"loc":{"start":{"line":95,"column":73},"end":{"line":126,"column":1}},"line":95},"4":{"name":"(anonymous_4)","decl":{"start":{"line":129,"column":91},"end":{"line":129,"column":92}},"loc":{"start":{"line":129,"column":111},"end":{"line":137,"column":1}},"line":129},"5":{"name":"(anonymous_5)","decl":{"start":{"line":135,"column":45},"end":{"line":135,"column":46}},"loc":{"start":{"line":135,"column":56},"end":{"line":135,"column":104}},"line":135},"6":{"name":"(anonymous_6)","decl":{"start":{"line":140,"column":58},"end":{"line":140,"column":59}},"loc":{"start":{"line":140,"column":78},"end":{"line":159,"column":1}},"line":140},"7":{"name":"(anonymous_7)","decl":{"start":{"line":162,"column":63},"end":{"line":162,"column":64}},"loc":{"start":{"line":162,"column":83},"end":{"line":178,"column":1}},"line":162},"8":{"name":"(anonymous_8)","decl":{"start":{"line":181,"column":59},"end":{"line":181,"column":60}},"loc":{"start":{"line":181,"column":79},"end":{"line":186,"column":1}},"line":181},"9":{"name":"(anonymous_9)","decl":{"start":{"line":189,"column":64},"end":{"line":189,"column":65}},"loc":{"start":{"line":189,"column":84},"end":{"line":212,"column":1}},"line":189},"10":{"name":"(anonymous_10)","decl":{"start":{"line":215,"column":63},"end":{"line":215,"column":64}},"loc":{"start":{"line":215,"column":83},"end":{"line":223,"column":1}},"line":215},"11":{"name":"(anonymous_11)","decl":{"start":{"line":225,"column":32},"end":{"line":225,"column":33}},"loc":{"start":{"line":225,"column":53},"end":{"line":228,"column":1}},"line":225},"12":{"name":"(anonymous_12)","decl":{"start":{"line":231,"column":20},"end":{"line":231,"column":21}},"loc":{"start":{"line":231,"column":40},"end":{"line":234,"column":1}},"line":231},"13":{"name":"(anonymous_13)","decl":{"start":{"line":236,"column":8},"end":{"line":236,"column":9}},"loc":{"start":{"line":236,"column":34},"end":{"line":240,"column":1}},"line":236},"14":{"name":"setupEventHandlers","decl":{"start":{"line":242,"column":15},"end":{"line":242,"column":33}},"loc":{"start":{"line":242,"column":36},"end":{"line":248,"column":1}},"line":242},"15":{"name":"(anonymous_15)","decl":{"start":{"line":243,"column":48},"end":{"line":243,"column":49}},"loc":{"start":{"line":243,"column":59},"end":{"line":247,"column":3}},"line":243},"16":{"name":"(anonymous_16)","decl":{"start":{"line":245,"column":94},"end":{"line":245,"column":95}},"loc":{"start":{"line":245,"column":100},"end":{"line":245,"column":102}},"line":245},"17":{"name":"(anonymous_17)","decl":{"start":{"line":251,"column":35},"end":{"line":251,"column":36}},"loc":{"start":{"line":251,"column":47},"end":{"line":260,"column":1}},"line":251},"18":{"name":"init","decl":{"start":{"line":262,"column":15},"end":{"line":262,"column":19}},"loc":{"start":{"line":262,"column":22},"end":{"line":272,"column":1}},"line":262},"19":{"name":"(anonymous_19)","decl":{"start":{"line":267,"column":30},"end":{"line":267,"column":31}},"loc":{"start":{"line":267,"column":36},"end":{"line":267,"column":90}},"line":267},"20":{"name":"shutdown","decl":{"start":{"line":274,"column":15},"end":{"line":274,"column":23}},"loc":{"start":{"line":274,"column":32},"end":{"line":283,"column":1}},"line":274},"21":{"name":"(anonymous_21)","decl":{"start":{"line":278,"column":22},"end":{"line":278,"column":23}},"loc":{"start":{"line":278,"column":35},"end":{"line":278,"column":56}},"line":278},"22":{"name":"(anonymous_22)","decl":{"start":{"line":285,"column":22},"end":{"line":285,"column":23}},"loc":{"start":{"line":285,"column":28},"end":{"line":285,"column":47}},"line":285},"23":{"name":"(anonymous_23)","decl":{"start":{"line":286,"column":21},"end":{"line":286,"column":22}},"loc":{"start":{"line":286,"column":27},"end":{"line":286,"column":45}},"line":286}},"branchMap":{"0":{"loc":{"start":{"line":17,"column":13},"end":{"line":17,"column":37}},"type":"binary-expr","locations":[{"start":{"line":17,"column":13},"end":{"line":17,"column":29}},{"start":{"line":17,"column":33},"end":{"line":17,"column":37}}],"line":17},"1":{"loc":{"start":{"line":34,"column":2},"end":{"line":37,"column":3}},"type":"if","locations":[{"start":{"line":34,"column":2},"end":{"line":37,"column":3}},{"start":{},"end":{}}],"line":34},"2":{"loc":{"start":{"line":42,"column":72},"end":{"line":42,"column":80}},"type":"default-arg","locations":[{"start":{"line":42,"column":79},"end":{"line":42,"column":80}}],"line":42},"3":{"loc":{"start":{"line":42,"column":82},"end":{"line":42,"column":92}},"type":"default-arg","locations":[{"start":{"line":42,"column":90},"end":{"line":42,"column":92}}],"line":42},"4":{"loc":{"start":{"line":46,"column":30},"end":{"line":46,"column":53}},"type":"binary-expr","locations":[{"start":{"line":46,"column":30},"end":{"line":46,"column":48}},{"start":{"line":46,"column":52},"end":{"line":46,"column":53}}],"line":46},"5":{"loc":{"start":{"line":47,"column":45},"end":{"line":47,"column":70}},"type":"binary-expr","locations":[{"start":{"line":47,"column":45},"end":{"line":47,"column":64}},{"start":{"line":47,"column":68},"end":{"line":47,"column":70}}],"line":47},"6":{"loc":{"start":{"line":49,"column":2},"end":{"line":60,"column":3}},"type":"if","locations":[{"start":{"line":49,"column":2},"end":{"line":60,"column":3}},{"start":{},"end":{}}],"line":49},"7":{"loc":{"start":{"line":51,"column":4},"end":{"line":51,"column":56}},"type":"if","locations":[{"start":{"line":51,"column":4},"end":{"line":51,"column":56}},{"start":{},"end":{}}],"line":51},"8":{"loc":{"start":{"line":62,"column":2},"end":{"line":62,"column":80}},"type":"if","locations":[{"start":{"line":62,"column":2},"end":{"line":62,"column":80}},{"start":{},"end":{}}],"line":62},"9":{"loc":{"start":{"line":63,"column":2},"end":{"line":63,"column":89}},"type":"if","locations":[{"start":{"line":63,"column":2},"end":{"line":63,"column":89}},{"start":{},"end":{}}],"line":63},"10":{"loc":{"start":{"line":64,"column":2},"end":{"line":64,"column":85}},"type":"if","locations":[{"start":{"line":64,"column":2},"end":{"line":64,"column":85}},{"start":{},"end":{}}],"line":64},"11":{"loc":{"start":{"line":65,"column":2},"end":{"line":65,"column":85}},"type":"if","locations":[{"start":{"line":65,"column":2},"end":{"line":65,"column":85}},{"start":{},"end":{}}],"line":65},"12":{"loc":{"start":{"line":66,"column":2},"end":{"line":66,"column":83}},"type":"if","locations":[{"start":{"line":66,"column":2},"end":{"line":66,"column":83}},{"start":{},"end":{}}],"line":66},"13":{"loc":{"start":{"line":78,"column":2},"end":{"line":78,"column":71}},"type":"if","locations":[{"start":{"line":78,"column":2},"end":{"line":78,"column":71}},{"start":{},"end":{}}],"line":78},"14":{"loc":{"start":{"line":86,"column":2},"end":{"line":86,"column":72}},"type":"if","locations":[{"start":{"line":86,"column":2},"end":{"line":86,"column":72}},{"start":{},"end":{}}],"line":86},"15":{"loc":{"start":{"line":88,"column":19},"end":{"line":88,"column":53}},"type":"binary-expr","locations":[{"start":{"line":88,"column":19},"end":{"line":88,"column":43}},{"start":{"line":88,"column":47},"end":{"line":88,"column":53}}],"line":88},"16":{"loc":{"start":{"line":98,"column":2},"end":{"line":98,"column":61}},"type":"if","locations":[{"start":{"line":98,"column":2},"end":{"line":98,"column":61}},{"start":{},"end":{}}],"line":98},"17":{"loc":{"start":{"line":109,"column":2},"end":{"line":116,"column":3}},"type":"if","locations":[{"start":{"line":109,"column":2},"end":{"line":116,"column":3}},{"start":{},"end":{}}],"line":109},"18":{"loc":{"start":{"line":132,"column":2},"end":{"line":132,"column":114}},"type":"if","locations":[{"start":{"line":132,"column":2},"end":{"line":132,"column":114}},{"start":{},"end":{}}],"line":132},"19":{"loc":{"start":{"line":132,"column":6},"end":{"line":132,"column":75}},"type":"binary-expr","locations":[{"start":{"line":132,"column":6},"end":{"line":132,"column":26}},{"start":{"line":132,"column":30},"end":{"line":132,"column":75}}],"line":132},"20":{"loc":{"start":{"line":135,"column":19},"end":{"line":135,"column":111}},"type":"cond-expr","locations":[{"start":{"line":135,"column":31},"end":{"line":135,"column":106}},{"start":{"line":135,"column":109},"end":{"line":135,"column":111}}],"line":135},"21":{"loc":{"start":{"line":143,"column":2},"end":{"line":143,"column":114}},"type":"if","locations":[{"start":{"line":143,"column":2},"end":{"line":143,"column":114}},{"start":{},"end":{}}],"line":143},"22":{"loc":{"start":{"line":143,"column":6},"end":{"line":143,"column":75}},"type":"binary-expr","locations":[{"start":{"line":143,"column":6},"end":{"line":143,"column":26}},{"start":{"line":143,"column":30},"end":{"line":143,"column":75}}],"line":143},"23":{"loc":{"start":{"line":147,"column":160},"end":{"line":147,"column":191}},"type":"cond-expr","locations":[{"start":{"line":147,"column":182},"end":{"line":147,"column":186}},{"start":{"line":147,"column":189},"end":{"line":147,"column":191}}],"line":147},"24":{"loc":{"start":{"line":150,"column":2},"end":{"line":155,"column":3}},"type":"if","locations":[{"start":{"line":150,"column":2},"end":{"line":155,"column":3}},{"start":{},"end":{}}],"line":150},"25":{"loc":{"start":{"line":165,"column":2},"end":{"line":165,"column":114}},"type":"if","locations":[{"start":{"line":165,"column":2},"end":{"line":165,"column":114}},{"start":{},"end":{}}],"line":165},"26":{"loc":{"start":{"line":165,"column":6},"end":{"line":165,"column":75}},"type":"binary-expr","locations":[{"start":{"line":165,"column":6},"end":{"line":165,"column":26}},{"start":{"line":165,"column":30},"end":{"line":165,"column":75}}],"line":165},"27":{"loc":{"start":{"line":169,"column":2},"end":{"line":174,"column":3}},"type":"if","locations":[{"start":{"line":169,"column":2},"end":{"line":174,"column":3}},{"start":{},"end":{}}],"line":169},"28":{"loc":{"start":{"line":169,"column":6},"end":{"line":169,"column":29}},"type":"binary-expr","locations":[{"start":{"line":169,"column":6},"end":{"line":169,"column":14}},{"start":{"line":169,"column":18},"end":{"line":169,"column":29}}],"line":169},"29":{"loc":{"start":{"line":183,"column":2},"end":{"line":183,"column":114}},"type":"if","locations":[{"start":{"line":183,"column":2},"end":{"line":183,"column":114}},{"start":{},"end":{}}],"line":183},"30":{"loc":{"start":{"line":183,"column":6},"end":{"line":183,"column":75}},"type":"binary-expr","locations":[{"start":{"line":183,"column":6},"end":{"line":183,"column":26}},{"start":{"line":183,"column":30},"end":{"line":183,"column":75}}],"line":183},"31":{"loc":{"start":{"line":192,"column":2},"end":{"line":192,"column":73}},"type":"if","locations":[{"start":{"line":192,"column":2},"end":{"line":192,"column":73}},{"start":{},"end":{}}],"line":192},"32":{"loc":{"start":{"line":193,"column":2},"end":{"line":193,"column":92}},"type":"if","locations":[{"start":{"line":193,"column":2},"end":{"line":193,"column":92}},{"start":{},"end":{}}],"line":193},"33":{"loc":{"start":{"line":194,"column":2},"end":{"line":194,"column":108}},"type":"if","locations":[{"start":{"line":194,"column":2},"end":{"line":194,"column":108}},{"start":{},"end":{}}],"line":194},"34":{"loc":{"start":{"line":237,"column":15},"end":{"line":237,"column":47}},"type":"binary-expr","locations":[{"start":{"line":237,"column":15},"end":{"line":237,"column":26}},{"start":{"line":237,"column":30},"end":{"line":237,"column":47}}],"line":237},"35":{"loc":{"start":{"line":238,"column":17},"end":{"line":238,"column":34}},"type":"binary-expr","locations":[{"start":{"line":238,"column":17},"end":{"line":238,"column":27}},{"start":{"line":238,"column":31},"end":{"line":238,"column":34}}],"line":238},"36":{"loc":{"start":{"line":239,"column":35},"end":{"line":239,"column":88}},"type":"cond-expr","locations":[{"start":{"line":239,"column":51},"end":{"line":239,"column":74}},{"start":{"line":239,"column":77},"end":{"line":239,"column":88}}],"line":239},"37":{"loc":{"start":{"line":244,"column":4},"end":{"line":246,"column":5}},"type":"if","locations":[{"start":{"line":244,"column":4},"end":{"line":246,"column":5}},{"start":{},"end":{}}],"line":244},"38":{"loc":{"start":{"line":277,"column":2},"end":{"line":279,"column":3}},"type":"if","locations":[{"start":{"line":277,"column":2},"end":{"line":279,"column":3}},{"start":{},"end":{}}],"line":277},"39":{"loc":{"start":{"line":291,"column":0},"end":{"line":291,"column":40}},"type":"if","locations":[{"start":{"line":291,"column":0},"end":{"line":291,"column":40}},{"start":{},"end":{}}],"line":291}},"s":{"0":1,"1":1,"2":1,"3":1,"4":1,"5":1,"6":1,"7":1,"8":1,"9":1,"10":1,"11":1,"12":1,"13":1,"14":1,"15":1,"16":1,"17":1,"18":1,"19":1,"20":1,"21":1,"22":2,"23":2,"24":2,"25":1,"26":1,"27":1,"28":8,"29":8,"30":8,"31":8,"32":8,"33":8,"34":8,"35":2,"36":2,"37":1,"38":1,"39":1,"40":0,"41":1,"42":1,"43":7,"44":1,"45":1,"46":7,"47":1,"48":1,"49":7,"50":1,"51":1,"52":7,"53":1,"54":1,"55":7,"56":1,"57":1,"58":7,"59":7,"60":7,"61":7,"62":1,"63":3,"64":3,"65":0,"66":3,"67":3,"68":1,"69":2,"70":2,"71":2,"72":1,"73":3,"74":3,"75":3,"76":1,"77":2,"78":2,"79":2,"80":1,"81":1,"82":2,"83":2,"84":2,"85":2,"86":1,"87":2,"88":2,"89":2,"90":1,"91":1,"92":0,"93":1,"94":1,"95":4,"96":4,"97":4,"98":2,"99":2,"100":2,"101":1,"102":1,"103":1,"104":1,"105":2,"106":2,"107":1,"108":3,"109":3,"110":3,"111":1,"112":2,"113":2,"114":1,"115":2,"116":2,"117":1,"118":2,"119":2,"120":1,"121":1,"122":1,"123":1,"124":4,"125":4,"126":4,"127":1,"128":3,"129":1,"130":2,"131":1,"132":1,"133":1,"134":1,"135":1,"136":1,"137":1,"138":1,"139":1,"140":1,"141":1,"142":1,"143":1,"144":1,"145":11,"146":11,"147":11,"148":1,"149":2,"150":1,"151":1,"152":0,"153":0,"154":0,"155":0,"156":0,"157":1,"158":1,"159":1,"160":1,"161":1,"162":0,"163":0,"164":0,"165":1,"166":1,"167":1,"168":1,"169":1,"170":1,"171":1,"172":1,"173":1,"174":0,"175":1,"176":0,"177":1,"178":1,"179":1,"180":1,"181":0},"f":{"0":2,"1":8,"2":3,"3":3,"4":2,"5":0,"6":4,"7":3,"8":2,"9":4,"10":1,"11":1,"12":1,"13":11,"14":1,"15":2,"16":0,"17":0,"18":1,"19":0,"20":1,"21":1,"22":0,"23":0},"b":{"0":[1,1],"1":[1,1],"2":[7],"3":[7],"4":[8,0],"5":[8,0],"6":[2,6],"7":[1,1],"8":[1,6],"9":[1,6],"10":[1,6],"11":[1,6],"12":[1,6],"13":[0,3],"14":[1,2],"15":[2,0],"16":[1,2],"17":[1,1],"18":[1,1],"19":[2,1],"20":[0,1],"21":[2,2],"22":[4,3],"23":[0,2],"24":[1,1],"25":[1,2],"26":[3,2],"27":[1,1],"28":[2,1],"29":[1,1],"30":[2,2],"31":[1,3],"32":[1,2],"33":[1,1],"34":[11,0],"35":[11,0],"36":[0,11],"37":[1,1],"38":[1,0],"39":[0,1]},"_coverageSchema":"1a1c01bbd47fc00a2c39e90264f33305004495a9","hash":"ff30dedebab9a1c892ff434fb725cac1833b5f1a"}
}
