TN:
SF:server.js
FN:31,recordView
FN:41,(anonymous_1)
FN:76,(anonymous_2)
FN:95,(anonymous_3)
FN:129,(anonymous_4)
FN:135,(anonymous_5)
FN:140,(anonymous_6)
FN:162,(anonymous_7)
FN:181,(anonymous_8)
FN:189,(anonymous_9)
FN:215,(anonymous_10)
FN:225,(anonymous_11)
FN:231,(anonymous_12)
FN:236,(anonymous_13)
FN:242,setupEventHandlers
FN:243,(anonymous_15)
FN:245,(anonymous_16)
FN:251,(anonymous_17)
FN:262,init
FN:267,(anonymous_19)
FN:274,shutdown
FN:278,(anonymous_21)
FN:285,(anonymous_22)
FN:286,(anonymous_23)
FNF:24
FNH:18
FNDA:2,recordView
FNDA:8,(anonymous_1)
FNDA:3,(anonymous_2)
FNDA:3,(anonymous_3)
FNDA:2,(anonymous_4)
FNDA:0,(anonymous_5)
FNDA:4,(anonymous_6)
FNDA:3,(anonymous_7)
FNDA:2,(anonymous_8)
FNDA:4,(anonymous_9)
FNDA:1,(anonymous_10)
FNDA:1,(anonymous_11)
FNDA:1,(anonymous_12)
FNDA:11,(anonymous_13)
FNDA:1,setupEventHandlers
FNDA:2,(anonymous_15)
FNDA:0,(anonymous_16)
FNDA:0,(anonymous_17)
FNDA:1,init
FNDA:0,(anonymous_19)
FNDA:1,shutdown
FNDA:1,(anonymous_21)
FNDA:0,(anonymous_22)
FNDA:0,(anonymous_23)
DA:1,1
DA:2,1
DA:3,1
DA:4,1
DA:5,1
DA:6,1
DA:7,1
DA:8,1
DA:9,1
DA:10,1
DA:11,1
DA:12,1
DA:13,1
DA:14,1
DA:16,1
DA:17,1
DA:22,1
DA:23,1
DA:24,1
DA:25,1
DA:26,1
DA:28,1
DA:32,2
DA:33,2
DA:34,2
DA:35,1
DA:36,1
DA:41,1
DA:42,8
DA:43,8
DA:44,8
DA:45,8
DA:46,8
DA:47,8
DA:49,8
DA:50,2
DA:51,2
DA:53,1
DA:54,1
DA:56,0
DA:58,1
DA:59,1
DA:62,7
DA:63,7
DA:64,7
DA:65,7
DA:66,7
DA:68,7
DA:69,7
DA:71,7
DA:72,7
DA:76,1
DA:77,3
DA:78,3
DA:80,3
DA:86,3
DA:88,2
DA:89,2
DA:91,2
DA:95,1
DA:96,3
DA:97,3
DA:98,3
DA:100,2
DA:106,2
DA:109,2
DA:110,1
DA:111,2
DA:118,2
DA:124,2
DA:125,2
DA:129,1
DA:130,2
DA:131,2
DA:132,2
DA:135,1
DA:136,1
DA:140,1
DA:141,4
DA:142,4
DA:143,4
DA:145,2
DA:150,2
DA:151,1
DA:152,1
DA:153,1
DA:157,2
DA:158,2
DA:162,1
DA:163,3
DA:164,3
DA:165,3
DA:167,2
DA:169,2
DA:170,1
DA:176,2
DA:177,2
DA:181,1
DA:182,2
DA:183,2
DA:184,1
DA:185,1
DA:189,1
DA:190,4
DA:191,4
DA:192,4
DA:193,3
DA:194,2
DA:196,1
DA:201,1
DA:211,1
DA:215,1
DA:216,1
DA:222,1
DA:225,1
DA:226,1
DA:227,1
DA:231,1
DA:232,1
DA:233,1
DA:236,1
DA:237,11
DA:238,11
DA:239,11
DA:243,1
DA:244,2
DA:245,1
DA:251,1
DA:252,0
DA:253,0
DA:254,0
DA:255,0
DA:258,0
DA:263,1
DA:264,1
DA:265,1
DA:266,1
DA:267,1
DA:269,0
DA:270,0
DA:275,1
DA:276,1
DA:277,1
DA:278,1
DA:280,1
DA:281,1
DA:282,1
DA:285,1
DA:286,1
DA:288,1
DA:289,1
DA:290,1
DA:291,1
LF:153
LH:145
BRDA:17,0,0,1
BRDA:17,0,1,1
BRDA:34,1,0,1
BRDA:34,1,1,1
BRDA:42,2,0,7
BRDA:42,3,0,7
BRDA:46,4,0,8
BRDA:46,4,1,0
BRDA:47,5,0,8
BRDA:47,5,1,0
BRDA:49,6,0,2
BRDA:49,6,1,6
BRDA:51,7,0,1
BRDA:51,7,1,1
BRDA:62,8,0,1
BRDA:62,8,1,6
BRDA:63,9,0,1
BRDA:63,9,1,6
BRDA:64,10,0,1
BRDA:64,10,1,6
BRDA:65,11,0,1
BRDA:65,11,1,6
BRDA:66,12,0,1
BRDA:66,12,1,6
BRDA:78,13,0,0
BRDA:78,13,1,3
BRDA:86,14,0,1
BRDA:86,14,1,2
BRDA:88,15,0,2
BRDA:88,15,1,0
BRDA:98,16,0,1
BRDA:98,16,1,2
BRDA:109,17,0,1
BRDA:109,17,1,1
BRDA:132,18,0,1
BRDA:132,18,1,1
BRDA:132,19,0,2
BRDA:132,19,1,1
BRDA:135,20,0,0
BRDA:135,20,1,1
BRDA:143,21,0,2
BRDA:143,21,1,2
BRDA:143,22,0,4
BRDA:143,22,1,3
BRDA:147,23,0,0
BRDA:147,23,1,2
BRDA:150,24,0,1
BRDA:150,24,1,1
BRDA:165,25,0,1
BRDA:165,25,1,2
BRDA:165,26,0,3
BRDA:165,26,1,2
BRDA:169,27,0,1
BRDA:169,27,1,1
BRDA:169,28,0,2
BRDA:169,28,1,1
BRDA:183,29,0,1
BRDA:183,29,1,1
BRDA:183,30,0,2
BRDA:183,30,1,2
BRDA:192,31,0,1
BRDA:192,31,1,3
BRDA:193,32,0,1
BRDA:193,32,1,2
BRDA:194,33,0,1
BRDA:194,33,1,1
BRDA:237,34,0,11
BRDA:237,34,1,0
BRDA:238,35,0,11
BRDA:238,35,1,0
BRDA:239,36,0,0
BRDA:239,36,1,11
BRDA:244,37,0,1
BRDA:244,37,1,1
BRDA:277,38,0,1
BRDA:277,38,1,0
BRDA:291,39,0,0
BRDA:291,39,1,1
BRF:78
BRH:67
end_of_record
